#
# A fatal error has been detected by the Java Runtime Environment:
#
#  EXCEPTION_ACCESS_VIOLATION (0xc0000005) at pc=0x00007ffcc5b4af9f, pid=8916, tid=20740
#
# JRE version: Java(TM) SE Runtime Environment (22.0+36) (build 22+36-2370)
# Java VM: Java HotSpot(TM) 64-Bit Server VM (22+36-2370, mixed mode, sharing, tiered, compressed oops, compressed class ptrs, g1 gc, windows-amd64)
# Problematic frame:
# C  [jfxwebkit.dll+0x23af9f]
#
# No core dump will be written. Minidumps are not enabled by default on client versions of Windows
#
# If you would like to submit a bug report, please visit:
#   https://bugreport.java.com/bugreport/crash.jsp
# The crash happened outside the Java Virtual Machine in native code.
# See problematic frame for where to report the bug.
#

---------------  S U M M A R Y ------------

Command Line: --enable-preview -javaagent:C:\Program Files\JetBrains\IntelliJ IDEA Community Edition 2023.3.6\lib\idea_rt.jar=57501:C:\Program Files\JetBrains\IntelliJ IDEA Community Edition 2023.3.6\bin -Dfile.encoding=UTF-8 -Dsun.stdout.encoding=UTF-8 -Dsun.stderr.encoding=UTF-8 --module-path=C:\Users\Omistaja\.m2\repository\org\kordamp\ikonli\ikonli-core\12.3.1\ikonli-core-12.3.1.jar;C:\codes\java\BrowserApplication\target\classes;C:\Users\Omistaja\.m2\repository\org\openjfx\javafx-base\22-ea+11\javafx-base-22-ea+11-win.jar;C:\Users\Omistaja\.m2\repository\org\kordamp\bootstrapfx\bootstrapfx-core\0.4.0\bootstrapfx-core-0.4.0.jar;C:\Users\Omistaja\.m2\repository\org\controlsfx\controlsfx\11.1.2\controlsfx-11.1.2.jar;C:\Users\Omistaja\.m2\repository\org\openjfx\javafx-fxml\22-ea+11\javafx-fxml-22-ea+11-win.jar;C:\Users\Omistaja\.m2\repository\org\openjfx\javafx-web\22-ea+11\javafx-web-22-ea+11-win.jar;C:\Users\Omistaja\.m2\repository\org\openjfx\javafx-controls\22-ea+11\javafx-controls-22-ea+11-win.jar;C:\Users\Omistaja\.m2\repository\net\synedra\validatorfx\0.4.0\validatorfx-0.4.0.jar;C:\Users\Omistaja\.m2\repository\org\openjfx\javafx-graphics\22-ea+11\javafx-graphics-22-ea+11-win.jar;C:\Users\Omistaja\.m2\repository\eu\hansolo\tilesfx\11.48\tilesfx-11.48.jar;C:\Users\Omistaja\.m2\repository\com\dlsc\formsfx\formsfx-core\11.6.0\formsfx-core-11.6.0.jar;C:\Users\Omistaja\.m2\repository\org\openjfx\javafx-media\22-ea+11\javafx-media-22-ea+11-win.jar;C:\Users\Omistaja\.m2\repository\org\kordamp\ikonli\ikonli-javafx\12.3.1\ikonli-javafx-12.3.1.jar -Djdk.module.main=com.browser.browserapplication com.browser.browserapplication/com.browser.browserapplication.BrowserApplication

Host: Intel(R) Core(TM) i5-6300U CPU @ 2.40GHz, 4 cores, 15G,  Windows 10 , 64 bit Build 19041 (10.0.19041.4597)
Time: Sun Jul 28 11:53:22 2024 Suomen kesäaika elapsed time: 41.605851 seconds (0d 0h 0m 41s)

---------------  T H R E A D  ---------------

Current thread (0x0000019549d4fcd0):  JavaThread "JavaFX Application Thread"        [_thread_in_native, id=20740, stack(0x0000000234c00000,0x0000000234d00000) (1024K)]

Stack: [0x0000000234c00000,0x0000000234d00000],  sp=0x0000000234cfb160,  free space=1004k
Native frames: (J=compiled Java code, j=interpreted, Vv=VM code, C=native code)
C  [jfxwebkit.dll+0x23af9f]  (no source info available)
C  0x000001957444cfc7  (no source info available)

The last pc belongs to native method entry point (kind = native) (printed below).
Java frames: (J=compiled Java code, j=interpreted, Vv=VM code)
j  com.sun.webkit.network.URLLoaderBase.twkDidReceiveResponse(ILjava/lang/String;Ljava/lang/String;JLjava/lang/String;Ljava/lang/String;J)V+0 javafx.web@22-ea
j  com.sun.webkit.network.HTTP2Loader.lambda$didReceiveResponse$15(Ljava/net/http/HttpResponse$ResponseInfo;)V+28 javafx.web@22-ea
j  com.sun.webkit.network.HTTP2Loader$$Lambda+0x00000195053c3d38.run()V+8 javafx.web@22-ea
J 3798 c1 com.sun.webkit.network.HTTP2Loader$$Lambda+0x000001950534d758.run()V javafx.web@22-ea (12 bytes) @ 0x000001956d5c4ccc [0x000001956d5c4b40+0x000000000000018c]
J 6589 c2 com.sun.javafx.application.PlatformImpl$$Lambda+0x0000019505087350.run()Ljava/lang/Object; javafx.graphics@22-ea (8 bytes) @ 0x0000019574cb0474 [0x0000019574cb0420+0x0000000000000054]
J 3807 c1 com.sun.javafx.application.PlatformImpl.lambda$runLater$11(Ljava/lang/Runnable;Ljava/security/AccessControlContext;)V javafx.graphics@22-ea (41 bytes) @ 0x000001956d5c8124 [0x000001956d5c7b40+0x00000000000005e4]
J 3517 c1 com.sun.javafx.application.PlatformImpl$$Lambda+0x0000019505086f00.run()V javafx.graphics@22-ea (12 bytes) @ 0x000001956d51c6d4 [0x000001956d51c640+0x0000000000000094]
J 7318 c2 com.sun.glass.ui.InvokeLaterDispatcher$Future.run()V javafx.graphics@22-ea (91 bytes) @ 0x0000019574aa111c [0x0000019574aa10c0+0x000000000000005c]
v  ~StubRoutines::call_stub 0x000001957444100d
j  com.sun.glass.ui.win.WinApplication._enterNestedEventLoopImpl()Ljava/lang/Object;+0 javafx.graphics@22-ea
j  com.sun.glass.ui.win.WinApplication._enterNestedEventLoop()Ljava/lang/Object;+15 javafx.graphics@22-ea
j  com.sun.glass.ui.Application.enterNestedEventLoop()Ljava/lang/Object;+14 javafx.graphics@22-ea
j  com.sun.glass.ui.EventLoop.enter()Ljava/lang/Object;+42 javafx.graphics@22-ea
j  com.sun.javafx.tk.quantum.QuantumToolkit.enterNestedEventLoop(Ljava/lang/Object;)Ljava/lang/Object;+98 javafx.graphics@22-ea
j  com.sun.webkit.network.HTTP2Loader.waitForRequestToComplete()V+26 javafx.web@22-ea
j  com.sun.webkit.network.HTTP2Loader.<init>(Lcom/sun/webkit/WebPage;Lcom/sun/webkit/network/ByteBufferPool;ZLjava/lang/String;Ljava/lang/String;Ljava/lang/String;[Lcom/sun/webkit/network/FormDataElement;J)V+168 javafx.web@22-ea
j  com.sun.webkit.network.HTTP2Loader.create(Lcom/sun/webkit/WebPage;Lcom/sun/webkit/network/ByteBufferPool;ZLjava/lang/String;Ljava/lang/String;Ljava/lang/String;[Lcom/sun/webkit/network/FormDataElement;J)Lcom/sun/webkit/network/HTTP2Loader;+34 javafx.web@22-ea
j  com.sun.webkit.network.NetworkContext.fwkLoad(Lcom/sun/webkit/WebPage;ZLjava/lang/String;Ljava/lang/String;Ljava/lang/String;[Lcom/sun/webkit/network/FormDataElement;J)Lcom/sun/webkit/network/URLLoaderBase;+101 javafx.web@22-ea
v  ~StubRoutines::call_stub 0x000001957444100d
J 5284  com.sun.webkit.Timer.twkFireTimerEvent()V javafx.web@22-ea (0 bytes) @ 0x0000019574bf7d76 [0x0000019574bf7d20+0x0000000000000056]
J 5283 c1 com.sun.webkit.Timer.fireTimerEvent(J)V javafx.web@22-ea (65 bytes) @ 0x000001956d902aa4 [0x000001956d902820+0x0000000000000284]
J 5280 c1 javafx.scene.web.WebEngine$PulseTimer$$Lambda+0x00000195053a6010.run()V javafx.web@22-ea (4 bytes) @ 0x000001956d9015dc [0x000001956d9012e0+0x00000000000002fc]
J 6589 c2 com.sun.javafx.application.PlatformImpl$$Lambda+0x0000019505087350.run()Ljava/lang/Object; javafx.graphics@22-ea (8 bytes) @ 0x0000019574cb0474 [0x0000019574cb0420+0x0000000000000054]
J 3807 c1 com.sun.javafx.application.PlatformImpl.lambda$runLater$11(Ljava/lang/Runnable;Ljava/security/AccessControlContext;)V javafx.graphics@22-ea (41 bytes) @ 0x000001956d5c8124 [0x000001956d5c7b40+0x00000000000005e4]
J 3517 c1 com.sun.javafx.application.PlatformImpl$$Lambda+0x0000019505086f00.run()V javafx.graphics@22-ea (12 bytes) @ 0x000001956d51c6d4 [0x000001956d51c640+0x0000000000000094]
J 7318 c2 com.sun.glass.ui.InvokeLaterDispatcher$Future.run()V javafx.graphics@22-ea (91 bytes) @ 0x0000019574aa111c [0x0000019574aa10c0+0x000000000000005c]
v  ~StubRoutines::call_stub 0x000001957444100d
j  com.sun.glass.ui.win.WinApplication._runLoop(Ljava/lang/Runnable;)V+0 javafx.graphics@22-ea
j  com.sun.glass.ui.win.WinApplication.lambda$runLoop$3(ILjava/lang/Runnable;)V+8 javafx.graphics@22-ea
j  com.sun.glass.ui.win.WinApplication$$Lambda+0x0000019505033860.run()V+12 javafx.graphics@22-ea
j  java.lang.Thread.runWith(Ljava/lang/Object;Ljava/lang/Runnable;)V+5 java.base@22
j  java.lang.Thread.run()V+19 java.base@22
v  ~StubRoutines::call_stub 0x000001957444100d

siginfo: EXCEPTION_ACCESS_VIOLATION (0xc0000005), reading address 0xffffffffffffffff


Registers:
RAX=0x00010101ffffffff, RBX=0x0000000234cf8d90, RCX=0x0000000234cf8d90, RDX=0x0000000234cfb1a0
RSP=0x0000000234cfb160, RBP=0x0000000234cfb388, RSI=0x000001954546c698, RDI=0x0000000000000000
R8 =0x0000019562a71200, R9 =0x0000000000000001, R10=0x0000000000008000, R11=0x0000000234cfaf70
R12=0x0000000000000000, R13=0x0000019545ad9588, R14=0x0000000234cfb3e8, R15=0x0000019549d4fcd0
RIP=0x00007ffcc5b4af9f, EFLAGS=0x0000000000010206


Register to memory mapping:

RAX=0x00010101ffffffff is an unknown value
RBX=0x0000000234cf8d90 is pointing into the stack for thread: 0x0000019549d4fcd0
RCX=0x0000000234cf8d90 is pointing into the stack for thread: 0x0000019549d4fcd0
RDX=0x0000000234cfb1a0 is pointing into the stack for thread: 0x0000019549d4fcd0
RSP=0x0000000234cfb160 is pointing into the stack for thread: 0x0000019549d4fcd0
RBP=0x0000000234cfb388 is pointing into the stack for thread: 0x0000019549d4fcd0
RSI=0x000001954546c698 is pointing into metadata
RDI=0x0 is null
R8 =0x0000019562a71200 points into unknown readable memory: 0x0000019562a70cc0 | c0 0c a7 62 95 01 00 00
R9 =0x0000000000000001 is an unknown value
R10=0x0000000000008000 is an unknown value
R11=0x0000000234cfaf70 is pointing into the stack for thread: 0x0000019549d4fcd0
R12=0x0 is null
R13={method} {0x0000019545ad9590} 'twkDidReceiveResponse' '(ILjava/lang/String;Ljava/lang/String;JLjava/lang/String;Ljava/lang/String;J)V' in 'com/sun/webkit/network/URLLoaderBase'
R14=0x0000000234cfb3e8 is pointing into the stack for thread: 0x0000019549d4fcd0
R15=0x0000019549d4fcd0 is a thread

Top of Stack: (sp=0x0000000234cfb160)
0x0000000234cfb160:   00000195452664dd 0000000000000003
0x0000000234cfb170:   0000019545266b60 0000000000000000
0x0000000234cfb180:   0000000234cfb3d8 0000000000000000
0x0000000234cfb190:   0000000234cfb3c0 0000000234cfb3b8
0x0000000234cfb1a0:   000001955858f1a0 0000000800000143
0x0000000234cfb1b0:   0000000800000008 0000001a00000019
0x0000000234cfb1c0:   00000a1b00000020 000001954a3c5a10
0x0000000234cfb1d0:   0000000000000000 0000019556807770
0x0000000234cfb1e0:   0000000000000000 0000000000000000
0x0000000234cfb1f0:   000001955e2d05e0 0000000a0000000b
0x0000000234cfb200:   00000195544b8d90 0000000600000006
0x0000000234cfb210:   0000000000000000 000001956d828c34
0x0000000234cfb220:   0000000704688030 0000000000000002
0x0000000234cfb230:   0000000234cfb300 00000007028400c8
0x0000000234cfb240:   000000070468bc00 7ff8000000000000
0x0000000234cfb250:   7ff8000000000000 7ff8000000000000
0x0000000234cfb260:   7ff8000000000000 0000000000000000
0x0000000234cfb270:   0000000000000000 8000000000000000
0x0000000234cfb280:   7ff8000000000000 7ff8000000000000
0x0000000234cfb290:   7ff8000000000000 000001956d1c3930
0x0000000234cfb2a0:   0107c94800020000 0000000704687f40
0x0000000234cfb2b0:   00009ff17008ef4a 000001956d7c66c4
0x0000000234cfb2c0:   0000019545ad9588 000001957444cfc7
0x0000000234cfb2d0:   00000007ffc81298 00000007ffe07428
0x0000000234cfb2e0:   0000000234cfb3b0 000001956d1d16ec
0x0000000234cfb2f0:   0000000234cfb3d8 0000000000000000
0x0000000234cfb300:   0000000234cfb3c0 0000000234cfb3b8
0x0000000234cfb310:   0000000234cf8d90 0000000704687ff8
0x0000000234cfb320:   0000000234cfb3b0 0000019574bbaa70
0x0000000234cfb330:   00000007ffd760a8 00000195452652e0
0x0000000234cfb340:   fffffffffffffff7 0000000000000000
0x0000000234cfb350:   000000000000000c 0000019545ae5af0 

Instructions: (pc=0x00007ffcc5b4af9f)
0x00007ffcc5b4ae9f:   e8 6c ea 51 00 48 6b d5 38 44 8b c7 48 8b ce 48
0x00007ffcc5b4aeaf:   03 10 ff d3 48 8b 5c 24 20 33 ed 48 89 6c 24 20
0x00007ffcc5b4aebf:   8d 7d ff 8d 75 01 48 85 db 74 1e 8b c7 f0 0f c1
0x00007ffcc5b4aecf:   03 3b c6 75 14 8b c6 48 8b cb 87 03 e8 90 60 e5
0x00007ffcc5b4aedf:   ff 48 8b cb e8 b8 3a c4 01 48 8b 5c 24 28 48 89
0x00007ffcc5b4aeef:   6c 24 28 48 85 db 74 1a f0 0f c1 3b 3b fe 75 12
0x00007ffcc5b4aeff:   87 33 48 8b cb e8 67 60 e5 ff 48 8b cb e8 8f 3a
0x00007ffcc5b4af0f:   c4 01 48 8b 4c 24 30 48 33 cc e8 42 b0 de 01 48
0x00007ffcc5b4af1f:   8b 5c 24 68 48 83 c4 40 5f 5e 5d c3 cc cc cc cc
0x00007ffcc5b4af2f:   cc 40 53 48 81 ec 60 01 00 00 48 8b 05 78 0c 75
0x00007ffcc5b4af3f:   04 48 33 c4 48 89 84 24 50 01 00 00 48 8b 84 24
0x00007ffcc5b4af4f:   a8 01 00 00 48 8b d1 4c 8b 94 24 a0 01 00 00 48
0x00007ffcc5b4af5f:   8d 4c 24 40 4c 8b 9c 24 90 01 00 00 48 8b 9c 24
0x00007ffcc5b4af6f:   b0 01 00 00 48 89 44 24 38 48 8b 84 24 98 01 00
0x00007ffcc5b4af7f:   00 4c 89 54 24 30 48 89 44 24 28 4c 89 5c 24 20
0x00007ffcc5b4af8f:   e8 fc e3 ff ff 48 8b 03 48 8d 54 24 40 48 8b cb
0x00007ffcc5b4af9f:   ff 50 10 48 8d 4c 24 40 e8 c4 2d df ff 48 8b 8c
0x00007ffcc5b4afaf:   24 50 01 00 00 48 33 cc e8 a4 af de 01 48 81 c4
0x00007ffcc5b4afbf:   60 01 00 00 5b c3 cc cc cc cc cc cc cc cc cc cc
0x00007ffcc5b4afcf:   cc 48 8b 4c 24 28 49 8b d0 45 8b c1 48 8b 01 48
0x00007ffcc5b4afdf:   ff 20 cc cc cc cc cc cc cc cc cc cc cc cc cc cc
0x00007ffcc5b4afef:   cc 40 53 48 81 ec 60 01 00 00 48 8b 05 b8 0b 75
0x00007ffcc5b4afff:   04 48 33 c4 48 89 84 24 50 01 00 00 48 8b 84 24
0x00007ffcc5b4b00f:   a8 01 00 00 48 8b d1 4c 8b 94 24 a0 01 00 00 48
0x00007ffcc5b4b01f:   8d 4c 24 40 4c 8b 9c 24 90 01 00 00 48 8b 9c 24
0x00007ffcc5b4b02f:   b0 01 00 00 48 89 44 24 38 48 8b 84 24 98 01 00
0x00007ffcc5b4b03f:   00 4c 89 54 24 30 48 89 44 24 28 4c 89 5c 24 20
0x00007ffcc5b4b04f:   e8 3c e3 ff ff 48 8b 03 48 8d 54 24 40 48 8b cb
0x00007ffcc5b4b05f:   ff 50 08 48 8d 4c 24 40 e8 04 2d df ff 48 8b 8c
0x00007ffcc5b4b06f:   24 50 01 00 00 48 33 cc e8 e4 ae de 01 48 81 c4
0x00007ffcc5b4b07f:   60 01 00 00 5b c3 cc cc cc cc cc cc cc cc cc cc
0x00007ffcc5b4b08f:   cc 48 8d 05 31 a7 82 04 c3 cc cc cc cc cc cc cc 


Stack slot to memory mapping:

stack at sp + 0 slots: 0x00000195452664dd is pointing into metadata
stack at sp + 1 slots: 0x0000000000000003 is an unknown value
stack at sp + 2 slots: 0x0000019545266b60 is pointing into metadata
stack at sp + 3 slots: 0x0 is null
stack at sp + 4 slots: 0x0000000234cfb3d8 is pointing into the stack for thread: 0x0000019549d4fcd0
stack at sp + 5 slots: 0x0 is null
stack at sp + 6 slots: 0x0000000234cfb3c0 is pointing into the stack for thread: 0x0000019549d4fcd0
stack at sp + 7 slots: 0x0000000234cfb3b8 is pointing into the stack for thread: 0x0000019549d4fcd0

native method entry point (kind = native)  [0x000001957444cba0, 0x000001957444d6c0]  2848 bytes
[MachCode]
  0x000001957444cba0: 488b 4b08 | 0fb7 492e | 584c 8d74 | ccf8 6800 | 0000 0068 | 0000 0000 | 5055 488b | ec41 5568 
  0x000001957444cbc0: 0000 0000 | 4c8b 6b08 | 4d8d 6d38 | 5348 8b53 | 0848 8b52 | 0848 8b52 | 1848 8b52 | 7048 8b12 
  0x000001957444cbe0: 5248 8b53 | 1048 85d2 | 0f84 0700 | 0000 4881 | c210 0100 | 0052 488b | 5308 488b | 5208 488b 
  0x000001957444cc00: 5210 5249 | 8bc6 482b | c548 c1e8 | 0350 6800 | 0000 0068 | f7ff ffff | 41c6 8781 | 0400 0001 
  0x000001957444cc20: 488b 4310 | 4885 c074 | 208b 88cc | 0000 0083 | c102 8988 | cc00 0000 | 2388 e000 | 0000 0f84 
  0x000001957444cc40: cb09 0000 | e9cf 0000 | 0048 8b43 | 1848 85c0 | 0f85 b000 | 0000 e805 | 0000 00e9 | 9900 0000 
  0x000001957444cc60: 488b d348 | 8d44 2408 | 4c89 6dc0 | 498b cfc5 | f877 4989 | afb0 0300 | 0049 8987 | a003 0000 
  0x000001957444cc80: 4883 ec20 | 40f6 c40f | 0f84 1900 | 0000 4883 | ec08 48b8 | f0a2 f52f | fd7f 0000 | ffd0 4883 
  0x000001957444cca0: c408 e90c | 0000 0048 | b8f0 a2f5 | 2ffd 7f00 | 00ff d048 | 83c4 2049 | c787 a003 | 0000 0000 
  0x000001957444ccc0: 0000 49c7 | 87b0 0300 | 0000 0000 | 0049 c787 | a803 0000 | 0000 0000 | c5f8 7749 | 837f 0800 
  0x000001957444cce0: 0f84 0500 | 0000 e915 | 42ff ff4c | 8b6d c04c | 8b75 c84e | 8d74 f500 | c348 8b43 | 1848 85c0 
  0x000001957444cd00: 0f84 1200 | 0000 8b48 | 0883 c102 | 8948 0823 | 481c 0f84 | f708 0000 | 493b a7f0 | 0400 000f 
  0x000001957444cd20: 8748 0000 | 0089 8424 | 00f0 ffff | 8984 2400 | e0ff ff89 | 8424 00d0 | ffff 8984 | 2400 c0ff 
  0x000001957444cd40: ff89 8424 | 00b0 ffff | 8984 2400 | a0ff ff89 | 8424 0090 | ffff 8984 | 2400 80ff | ff49 3ba7 
  0x000001957444cd60: e804 0000 | 7607 4989 | a7f0 0400 | 0041 c687 | 8104 0000 | 0049 baac | 407c 30fd | 7f00 0041 
  0x000001957444cd80: 803a 000f | 843e 0000 | 0048 8b55 | e849 8bcf | 4883 ec20 | 40f6 c40f | 0f84 1900 | 0000 4883 
  0x000001957444cda0: ec08 48b8 | 00b6 2c30 | fd7f 0000 | ffd0 4883 | c408 e90c | 0000 0048 | b800 b62c | 30fd 7f00 
  0x000001957444cdc0: 00ff d048 | 83c4 2048 | 8b5d e84c | 8b5b 0845 | 0fb7 5b2e | 41c1 e303 | 492b e348 | 83ec 2048 
  0x000001957444cde0: 83e4 f04c | 8b5b 604d | 85db 0f85 | ab00 0000 | e805 0000 | 00e9 9900 | 0000 488b | d348 8d44 
  0x000001957444ce00: 2408 4c89 | 6dc0 498b | cfc5 f877 | 4989 afb0 | 0300 0049 | 8987 a003 | 0000 4883 | ec20 40f6 
  0x000001957444ce20: c40f 0f84 | 1900 0000 | 4883 ec08 | 48b8 10ca | f52f fd7f | 0000 ffd0 | 4883 c408 | e90c 0000 
  0x000001957444ce40: 0048 b810 | caf5 2ffd | 7f00 00ff | d048 83c4 | 2049 c787 | a003 0000 | 0000 0000 | 49c7 87b0 
  0x000001957444ce60: 0300 0000 | 0000 0049 | c787 a803 | 0000 0000 | 0000 c5f8 | 7749 837f | 0800 0f84 | 0500 0000 
  0x000001957444ce80: e97b 40ff | ff4c 8b6d | c04c 8b75 | c84e 8d74 | f500 c348 | 8b5d e84c | 8b5b 6041 | ffd3 488b 
  0x000001957444cea0: 5de8 4889 | 4518 448b | 5b28 41f6 | c308 0f84 | 1b00 0000 | 4c8b 5b08 | 4d8b 5b08 | 4d8b 5b18 
  0x000001957444cec0: 4d8b 5b70 | 4d8b 1b4c | 895d 1048 | 8d55 1048 | 8b43 5849 | ba00 0d2d | 30fd 7f00 | 0049 3bc2 
  0x000001957444cee0: 0f85 ab00 | 0000 e805 | 0000 00e9 | 9900 0000 | 488b d348 | 8d44 2408 | 4c89 6dc0 | 498b cfc5 
  0x000001957444cf00: f877 4989 | afb0 0300 | 0049 8987 | a003 0000 | 4883 ec20 | 40f6 c40f | 0f84 1900 | 0000 4883 
  0x000001957444cf20: ec08 48b8 | 10ca f52f | fd7f 0000 | ffd0 4883 | c408 e90c | 0000 0048 | b810 caf5 | 2ffd 7f00 
  0x000001957444cf40: 00ff d048 | 83c4 2049 | c787 a003 | 0000 0000 | 0000 49c7 | 87b0 0300 | 0000 0000 | 0049 c787 
  0x000001957444cf60: a803 0000 | 0000 0000 | c5f8 7749 | 837f 0800 | 0f84 0500 | 0000 e985 | 3fff ff4c | 8b6d c04c 
  0x000001957444cf80: 8b75 c84e | 8d74 f500 | c348 8b5d | e848 8b43 | 5849 8d8f | c003 0000 | c5f8 7749 | 89af b003 
  0x000001957444cfa0: 0000 49ba | 98cf 4474 | 9501 0000 | 4d89 97a8 | 0300 0049 | 89a7 a003 | 0000 41c7 | 8754 0400 
  0x000001957444cfc0: 0004 0000 | 00ff d0c5 | f877 4883 | ec10 c5fb | 1104 2448 | 83ec 1048 | 8904 2448 | c744 2408 
  0x000001957444cfe0: 0000 0000 | 41c7 8754 | 0400 0005 | 0000 00f0 | 8344 24c0 | 0049 3baf | 5804 0000 | 0f87 0e00 
  0x000001957444d000: 0000 4183 | bf50 0400 | 0000 0f84 | 2000 0000 | 498b cf4c | 8be4 4883 | ec20 4883 | e4f0 48b8 
  0x000001957444d020: c01f f72f | fd7f 0000 | ffd0 498b | e44d 33e4 | 41c7 8754 | 0400 0008 | 0000 0049 | c787 a003 
  0x000001957444d040: 0000 0000 | 0000 49c7 | 87b0 0300 | 0000 0000 | 0049 c787 | a803 0000 | 0000 0000 | c5f8 774d 
  0x000001957444d060: 8b9f 3004 | 0000 41c7 | 8300 0100 | 0000 0000 | 0049 bb1a | a544 7495 | 0100 004c | 3b5d 180f 
  0x000001957444d080: 8524 0200 | 0048 8b04 | 2448 83c4 | 1048 85c0 | 0f84 fe01 | 0000 a803 | 0f85 0800 | 0000 488b 
  0x000001957444d0a0: 00e9 ee01 | 0000 a801 | 0f85 0900 | 0000 488b | 40fe e9dd | 0100 0048 | 8b40 ff41 | 807f 3800 
  0x000001957444d0c0: 0f84 ce01 | 0000 4883 | f800 0f84 | c401 0000 | 4d8b 5f28 | 4983 fb00 | 0f84 1400 | 0000 4983 
  0x000001957444d0e0: eb08 4d89 | 5f28 4d03 | 5f30 4989 | 03e9 a201 | 0000 4881 | ecd0 0000 | 0048 8904 | 2448 894c 
  0x000001957444d100: 2408 4889 | 5424 1048 | 8974 2418 | 4889 7c24 | 204c 8944 | 2428 4c89 | 4c24 304c | 8954 2438 
  0x000001957444d120: 4c89 5c24 | 40c5 fb11 | 4424 50c5 | fb11 4c24 | 58c5 fb11 | 5424 60c5 | fb11 5c24 | 68c5 fb11 
  0x000001957444d140: 6424 70c5 | fb11 6c24 | 78c5 fb11 | b424 8000 | 0000 c5fb | 11bc 2488 | 0000 00c5 | 7b11 8424 
  0x000001957444d160: 9000 0000 | c57b 118c | 2498 0000 | 00c5 7b11 | 9424 a000 | 0000 c57b | 119c 24a8 | 0000 00c5 
  0x000001957444d180: 7b11 a424 | b000 0000 | c57b 11ac | 24b8 0000 | 00c5 7b11 | b424 c000 | 0000 c57b | 11bc 24c8 
  0x000001957444d1a0: 0000 0049 | 8bd7 488b | c848 83ec | 2040 f6c4 | 0f0f 8419 | 0000 0048 | 83ec 0848 | b830 3eea 
  0x000001957444d1c0: 2ffd 7f00 | 00ff d048 | 83c4 08e9 | 0c00 0000 | 48b8 303e | ea2f fd7f | 0000 ffd0 | 4883 c420 
  0x000001957444d1e0: c57b 10bc | 24c8 0000 | 00c5 7b10 | b424 c000 | 0000 c57b | 10ac 24b8 | 0000 00c5 | 7b10 a424 
  0x000001957444d200: b000 0000 | c57b 109c | 24a8 0000 | 00c5 7b10 | 9424 a000 | 0000 c57b | 108c 2498 | 0000 00c5 
  0x000001957444d220: 7b10 8424 | 9000 0000 | c5fb 10bc | 2488 0000 | 00c5 fb10 | b424 8000 | 0000 c5fb | 106c 2478 
  0x000001957444d240: c5fb 1064 | 2470 c5fb | 105c 2468 | c5fb 1054 | 2460 c5fb | 104c 2458 | c5fb 1044 | 2450 4c8b 
  0x000001957444d260: 5c24 404c | 8b54 2438 | 4c8b 4c24 | 304c 8b44 | 2428 488b | 7c24 2048 | 8b74 2418 | 488b 5424 
  0x000001957444d280: 1048 8b4c | 2408 488b | 0424 4881 | c4d0 0000 | 00c5 f877 | 4889 4510 | 4883 ec10 | 4889 0424 
  0x000001957444d2a0: 48c7 4424 | 0800 0000 | 0041 83bf | d004 0000 | 020f 85bf | 0000 0048 | 81ec 8000 | 0000 4889 
  0x000001957444d2c0: 4424 7848 | 894c 2470 | 4889 5424 | 6848 895c | 2460 4889 | 6c24 5048 | 8974 2448 | 4889 7c24 
  0x000001957444d2e0: 404c 8944 | 2438 4c89 | 4c24 304c | 8954 2428 | 4c89 5c24 | 204c 8964 | 2418 4c89 | 6c24 104c 
  0x000001957444d300: 8974 2408 | 4c89 3c24 | 4c8b e448 | 83ec 2048 | 83e4 f048 | b850 ee2c | 30fd 7f00 | 00ff d049 
  0x000001957444d320: 8be4 4c8b | 3c24 4c8b | 7424 084c | 8b6c 2410 | 4c8b 6424 | 184c 8b5c | 2420 4c8b | 5424 284c 
  0x000001957444d340: 8b4c 2430 | 4c8b 4424 | 3848 8b7c | 2440 488b | 7424 4848 | 8b6c 2450 | 488b 5c24 | 6048 8b54 
  0x000001957444d360: 2468 488b | 4c24 7048 | 8b44 2478 | 4881 c480 | 0000 004d | 33e4 488b | 5de8 4c8b | 6b08 4d8d 
  0x000001957444d380: 6d38 4983 | 7f08 000f | 84bb 0000 | 00e8 0500 | 0000 e996 | 0000 0048 | 8d44 2408 | 4c89 6dc0 
  0x000001957444d3a0: 498b cfc5 | f877 4989 | afb0 0300 | 0049 8987 | a003 0000 | 4883 ec20 | 40f6 c40f | 0f84 1900 
  0x000001957444d3c0: 0000 4883 | ec08 48b8 | 50e8 f52f | fd7f 0000 | ffd0 4883 | c408 e90c | 0000 0048 | b850 e8f5 
  0x000001957444d3e0: 2ffd 7f00 | 00ff d048 | 83c4 2049 | c787 a003 | 0000 0000 | 0000 49c7 | 87b0 0300 | 0000 0000 
  0x000001957444d400: 0049 c787 | a803 0000 | 0000 0000 | c5f8 7749 | 837f 0800 | 0f84 0500 | 0000 e9e1 | 3aff ff4c 
  0x000001957444d420: 8b6d c04c | 8b75 c84e | 8d74 f500 | c348 b9c0 | 2854 30fd | 7f00 0048 | 83e4 f048 | b890 951b 
  0x000001957444d440: 30fd 7f00 | 00ff d0f4 | 448b 5b28 | 41f6 c320 | 0f84 4401 | 0000 488d | 55a8 4c8b | 5a08 4d85 
  0x000001957444d460: db0f 85bb | 0000 00e8 | 0500 0000 | e996 0000 | 0048 8d44 | 2408 4c89 | 6dc0 498b | cfc5 f877 
  0x000001957444d480: 4989 afb0 | 0300 0049 | 8987 a003 | 0000 4883 | ec20 40f6 | c40f 0f84 | 1900 0000 | 4883 ec08 
  0x000001957444d4a0: 48b8 80e7 | f52f fd7f | 0000 ffd0 | 4883 c408 | e90c 0000 | 0048 b880 | e7f5 2ffd | 7f00 00ff 
  0x000001957444d4c0: d048 83c4 | 2049 c787 | a003 0000 | 0000 0000 | 49c7 87b0 | 0300 0000 | 0000 0049 | c787 a803 
  0x000001957444d4e0: 0000 0000 | 0000 c5f8 | 7749 837f | 0800 0f84 | 0500 0000 | e907 3aff | ff4c 8b6d | c04c 8b75 
  0x000001957444d500: c84e 8d74 | f500 c348 | b9c0 2854 | 30fd 7f00 | 0048 83e4 | f048 b890 | 951b 30fd | 7f00 00ff 
  0x000001957444d520: d0f4 4c89 | 6dc0 488d | 024c 8b4a | 0848 c742 | 0800 0000 | 004c 8b00 | 4d85 c00f | 840b 0000 
  0x000001957444d540: 00f0 4d0f | b101 0f85 | 0c00 0000 | 49ff 8f58 | 0500 00e9 | 3e00 0000 | 4c89 4a08 | 488b ca48 
  0x000001957444d560: 83ec 2040 | f6c4 0f0f | 8419 0000 | 0048 83ec | 0848 b810 | baf5 2ffd | 7f00 00ff | d048 83c4 
  0x000001957444d580: 08e9 0c00 | 0000 48b8 | 10ba f52f | fd7f 0000 | ffd0 4883 | c420 4c8b | 6dc0 49ba | ac40 7c30 
  0x000001957444d5a0: fd7f 0000 | 4180 3a00 | 0f84 3e00 | 0000 488b | 55e8 498b | cf48 83ec | 2040 f6c4 | 0f0f 8419 
  0x000001957444d5c0: 0000 0048 | 83ec 0848 | b800 b62c | 30fd 7f00 | 00ff d048 | 83c4 08e9 | 0c00 0000 | 48b8 00b6 
  0x000001957444d5e0: 2c30 fd7f | 0000 ffd0 | 4883 c420 | 488b 0424 | 4883 c410 | c5fb 1004 | 2448 83c4 | 104c 8b5d 
  0x000001957444d600: 1841 ffd3 | 4c8b 5df8 | c95f 498b | e3ff e7ba | 0000 0000 | e805 0000 | 00e9 9600 | 0000 488d 
  0x000001957444d620: 4424 084c | 896d c049 | 8bcf c5f8 | 7749 89af | b003 0000 | 4989 87a0 | 0300 0048 | 83ec 2040 
  0x000001957444d640: f6c4 0f0f | 8419 0000 | 0048 83ec | 0848 b8d0 | adf5 2ffd | 7f00 00ff | d048 83c4 | 08e9 0c00 
  0x000001957444d660: 0000 48b8 | d0ad f52f | fd7f 0000 | ffd0 4883 | c420 49c7 | 87a0 0300 | 0000 0000 | 0049 c787 
  0x000001957444d680: b003 0000 | 0000 0000 | 49c7 87a8 | 0300 0000 | 0000 00c5 | f877 4983 | 7f08 000f | 8405 0000 
  0x000001957444d6a0: 00e9 5a38 | ffff 4c8b | 6dc0 4c8b | 75c8 4e8d | 74f5 00c3 | 488b 5de8 | e95b f6ff | ff66 6690 
[/MachCode]

Compiled method (c1) 41910 3798       3       com.sun.webkit.network.HTTP2Loader$$Lambda/0x000001950534d758::run (12 bytes)
 total in heap  [0x000001956d5c4990,0x000001956d5c4e90] = 1280
 relocation     [0x000001956d5c4ae8,0x000001956d5c4b38] = 80
 main code      [0x000001956d5c4b40,0x000001956d5c4d70] = 560
 stub code      [0x000001956d5c4d70,0x000001956d5c4db8] = 72
 oops           [0x000001956d5c4db8,0x000001956d5c4dc0] = 8
 metadata       [0x000001956d5c4dc0,0x000001956d5c4dd0] = 16
 scopes data    [0x000001956d5c4dd0,0x000001956d5c4e00] = 48
 scopes pcs     [0x000001956d5c4e00,0x000001956d5c4e70] = 112
 dependencies   [0x000001956d5c4e70,0x000001956d5c4e78] = 8
 nul chk table  [0x000001956d5c4e78,0x000001956d5c4e90] = 24

[Constant Pool (empty)]

[MachCode]
[Entry Point]
  # {method} {0x000001954623b608} 'run' '()V' in 'com/sun/webkit/network/HTTP2Loader$$Lambda+0x000001950534d758'
  #           [sp+0x40]  (sp of caller)
  0x000001956d5c4b40: 448b 5208 | 49bb 0000 | 0004 9501 | 0000 4d03 | d34c 3bd0 

  0x000001956d5c4b54: ;   {runtime_call ic_miss_stub}
  0x000001956d5c4b54: 0f85 269c | ec06 660f | 1f44 0000 
[Verified Entry Point]
  0x000001956d5c4b60: 8984 2400 | 80ff ff55 | 4883 ec30 | 4181 7f20 | 0600 0000 

  0x000001956d5c4b74: ;   {runtime_call StubRoutines (final stubs)}
  0x000001956d5c4b74: 7405 e865 

  0x000001956d5c4b78: ;   {metadata(method data for {method} {0x000001954623b608} 'run' '()V' in 'com/sun/webkit/network/HTTP2Loader$$Lambda+0x000001950534d758')}
  0x000001956d5c4b78: 01eb 0648 | be88 367b | 4695 0100 | 008b becc | 0000 0083 | c702 89be | cc00 0000 | 81e7 fe07 
  0x000001956d5c4b98: 0000 85ff | 0f84 4501 | 0000 8b72 | 0c48 c1e6 | 038b 5210 | 48c1 e203 

  0x000001956d5c4bb0: ; implicit exception: dispatches to 0x000001956d5c4d08
  0x000001956d5c4bb0: 483b 0648 

  0x000001956d5c4bb4: ;   {metadata(method data for {method} {0x000001954623b608} 'run' '()V' in 'com/sun/webkit/network/HTTP2Loader$$Lambda+0x000001950534d758')}
  0x000001956d5c4bb4: 8bfe 48bb | 8836 7b46 | 9501 0000 | 4883 8318 | 0100 0001 

  0x000001956d5c4bc8: ;   {metadata(method data for {method} {0x0000019545ade378} 'lambda$callBackIfNotCanceled$10' '(Ljava/lang/Runnable;)V' in 'com/sun/webkit/network/HTTP2Loader')}
  0x000001956d5c4bc8: 48bf 1038 | 7b46 9501 | 0000 8b9f | cc00 0000 | 83c3 0289 | 9fcc 0000 | 0081 e3fe | ff1f 0085 
  0x000001956d5c4be8: db0f 841e | 0100 000f | be76 0d85 

  0x000001956d5c4bf4: ;   {metadata(method data for {method} {0x0000019545ade378} 'lambda$callBackIfNotCanceled$10' '(Ljava/lang/Runnable;)V' in 'com/sun/webkit/network/HTTP2Loader')}
  0x000001956d5c4bf4: f648 be10 | 387b 4695 | 0100 0048 | c7c7 1801 | 0000 7507 | 48c7 c728 | 0100 0048 | 8b1c 3e48 
  0x000001956d5c4c14: 8d5b 0148 | 891c 3e0f | 85b3 0000 | 0048 3b02 

  0x000001956d5c4c24: ;   {metadata(method data for {method} {0x0000019545ade378} 'lambda$callBackIfNotCanceled$10' '(Ljava/lang/Runnable;)V' in 'com/sun/webkit/network/HTTP2Loader')}
  0x000001956d5c4c24: 488b f248 | bf10 387b | 4695 0100 | 008b 7608 | 49ba 0000 | 0004 9501 | 0000 4903 | f248 3bb7 
  0x000001956d5c4c44: 4001 0000 | 750d 4883 | 8748 0100 | 0001 e960 | 0000 0048 | 3bb7 5001 | 0000 750d | 4883 8758 
  0x000001956d5c4c64: 0100 0001 | e94a 0000 | 0048 83bf | 4001 0000 | 0075 1748 | 89b7 4001 | 0000 48c7 | 8748 0100 
  0x000001956d5c4c84: 0001 0000 | 00e9 2900 | 0000 4883 | bf50 0100 | 0000 7517 | 4889 b750 | 0100 0048 | c787 5801 
  0x000001956d5c4ca4: 0000 0100 | 0000 e908 | 0000 0048 | 8387 3801 | 0000 0166 | 0f1f 4400 | 0048 b860 | 2e34 5395 
  0x000001956d5c4cc4: ;   {virtual_call}
  0x000001956d5c4cc4: 0100 00e8 

  0x000001956d5c4cc8: ; ImmutableOopMap {}
                      ;*invokeinterface run {reexecute=0 rethrow=0 return_oop=0}
                      ; - com.sun.webkit.network.HTTP2Loader::lambda$callBackIfNotCanceled$10@8 (line 429)
                      ; - com.sun.webkit.network.HTTP2Loader$$Lambda/0x000001950534d758::run@8
  0x000001956d5c4cc8: 44b6 f906 

  0x000001956d5c4ccc: ;   {other}
  0x000001956d5c4ccc: 0f1f 8400 | 3c03 0000 | 4883 c430 

  0x000001956d5c4cd8: ;   {poll_return}
  0x000001956d5c4cd8: 5d49 3ba7 | 5804 0000 | 0f87 4d00 

  0x000001956d5c4ce4: ;   {metadata({method} {0x000001954623b608} 'run' '()V' in 'com/sun/webkit/network/HTTP2Loader$$Lambda+0x000001950534d758')}
  0x000001956d5c4ce4: 0000 c349 | ba00 b623 | 4695 0100 | 004c 8954 | 2408 48c7 | 0424 ffff 

  0x000001956d5c4cfc: ;   {runtime_call counter_overflow Runtime1 stub}
  0x000001956d5c4cfc: ffff e8fd 

  0x000001956d5c4d00: ; ImmutableOopMap {rdx=Oop }
                      ;*synchronization entry
                      ; - com.sun.webkit.network.HTTP2Loader$$Lambda/0x000001950534d758::run@-1
  0x000001956d5c4d00: 25f9 06e9 | 9afe ffff 

  0x000001956d5c4d08: ;   {runtime_call throw_null_pointer_exception Runtime1 stub}
  0x000001956d5c4d08: e873 b9f8 

  0x000001956d5c4d0c: ; ImmutableOopMap {rsi=Oop rdx=Oop }
                      ;*invokevirtual lambda$callBackIfNotCanceled$10 {reexecute=0 rethrow=0 return_oop=0}
                      ; - com.sun.webkit.network.HTTP2Loader$$Lambda/0x000001950534d758::run@8
                      ;   {metadata({method} {0x0000019545ade378} 'lambda$callBackIfNotCanceled$10' '(Ljava/lang/Runnable;)V' in 'com/sun/webkit/network/HTTP2Loader')}
  0x000001956d5c4d0c: 0649 ba70 | e3ad 4595 | 0100 004c | 8954 2408 | 48c7 0424 | ffff ffff 

  0x000001956d5c4d24: ;   {runtime_call counter_overflow Runtime1 stub}
  0x000001956d5c4d24: e8d7 25f9 

  0x000001956d5c4d28: ; ImmutableOopMap {rsi=Oop rdx=Oop }
                      ;*synchronization entry
                      ; - com.sun.webkit.network.HTTP2Loader::lambda$callBackIfNotCanceled$10@-1 (line 428)
                      ; - com.sun.webkit.network.HTTP2Loader$$Lambda/0x000001950534d758::run@8
  0x000001956d5c4d28: 06e9 c1fe 

  0x000001956d5c4d2c: ;   {runtime_call throw_null_pointer_exception Runtime1 stub}
  0x000001956d5c4d2c: ffff e84d 

  0x000001956d5c4d30: ; ImmutableOopMap {rdx=Oop }
                      ;*invokeinterface run {reexecute=0 rethrow=0 return_oop=0}
                      ; - com.sun.webkit.network.HTTP2Loader::lambda$callBackIfNotCanceled$10@8 (line 429)
                      ; - com.sun.webkit.network.HTTP2Loader$$Lambda/0x000001950534d758::run@8
                      ;   {internal_word}
  0x000001956d5c4d30: b9f8 0649 | bad9 4c5c | 6d95 0100 | 004d 8997 | 7004 0000 

  0x000001956d5c4d44: ;   {runtime_call SafepointBlob}
  0x000001956d5c4d44: e9b7 09ed | 0649 8b87 | 0805 0000 | 49c7 8708 | 0500 0000 | 0000 0049 | c787 1005 | 0000 0000 
  0x000001956d5c4d64: 0000 4883 

  0x000001956d5c4d68: ;   {runtime_call unwind_exception Runtime1 stub}
  0x000001956d5c4d68: c430 5de9 | 10aa f806 
[Stub Code]
  0x000001956d5c4d70: ;   {no_reloc}
  0x000001956d5c4d70: 0f1f 4400 

  0x000001956d5c4d74: ;   {static_stub}
  0x000001956d5c4d74: 0048 bb00 | 0000 0000 

  0x000001956d5c4d7c: ;   {runtime_call}
  0x000001956d5c4d7c: 0000 00e9 | fbff ffff 
[Exception Handler]
  0x000001956d5c4d84: ;   {runtime_call handle_exception_from_callee Runtime1 stub}
  0x000001956d5c4d84: e877 e0f8 

  0x000001956d5c4d88: ;   {external_word}
  0x000001956d5c4d88: 0648 b9c0 | 2854 30fd | 7f00 0048 

  0x000001956d5c4d94: ;   {runtime_call}
  0x000001956d5c4d94: 83e4 f048 | b890 951b | 30fd 7f00 | 00ff d0f4 
[Deopt Handler Code]
  0x000001956d5c4da4: ;   {section_word}
  0x000001956d5c4da4: 49ba a44d | 5c6d 9501 | 0000 4152 

  0x000001956d5c4db0: ;   {runtime_call DeoptimizationBlob}
  0x000001956d5c4db0: e9eb fbec | 06f4 f4f4 
[/MachCode]


Compiled method (c2) 41919 6589       4       com.sun.javafx.application.PlatformImpl$$Lambda/0x0000019505087350::run (8 bytes)
 total in heap  [0x0000019574cb0290,0x0000019574cb0550] = 704
 relocation     [0x0000019574cb03e8,0x0000019574cb0408] = 32
 main code      [0x0000019574cb0420,0x0000019574cb04c0] = 160
 stub code      [0x0000019574cb04c0,0x0000019574cb04d8] = 24
 oops           [0x0000019574cb04d8,0x0000019574cb04e0] = 8
 metadata       [0x0000019574cb04e0,0x0000019574cb04f0] = 16
 scopes data    [0x0000019574cb04f0,0x0000019574cb0500] = 16
 scopes pcs     [0x0000019574cb0500,0x0000019574cb0530] = 48
 dependencies   [0x0000019574cb0530,0x0000019574cb0538] = 8
 handler table  [0x0000019574cb0538,0x0000019574cb0550] = 24

[Constant Pool (empty)]

[MachCode]
[Entry Point]
  # {method} {0x00000195455bff00} 'run' '()Ljava/lang/Object;' in 'com/sun/javafx/application/PlatformImpl$$Lambda+0x0000019505087350'
  #           [sp+0x20]  (sp of caller)
  0x0000019574cb0420: 448b 5208 | 49bb 0000 | 0004 9501 | 0000 4d03 | d349 3bc2 

  0x0000019574cb0434: ;   {runtime_call ic_miss_stub}
  0x0000019574cb0434: 0f85 46e3 | 7dff 6690 | 0f1f 4000 
[Verified Entry Point]
  0x0000019574cb0440: 8984 2400 | 80ff ff55 | 4883 ec10 | 4181 7f20 | 0600 0000 | 0f85 5a00 | 0000 448b | 520c 498b 
  0x0000019574cb0460: d248 c1e2 | 0348 b8a0 | e9be 5b95 

  0x0000019574cb046c: ;   {virtual_call}
  0x0000019574cb046c: 0100 00e8 

  0x0000019574cb0470: ; ImmutableOopMap {}
                      ;*invokeinterface run {reexecute=0 rethrow=0 return_oop=0}
                      ; - com.sun.javafx.application.PlatformImpl::lambda$runLater$10@1 (line 456)
                      ; - com.sun.javafx.application.PlatformImpl$$Lambda/0x0000019505087350::run@4
  0x0000019574cb0470: 9cfe 8aff 

  0x0000019574cb0474: ;   {other}
  0x0000019574cb0474: 0f1f 8400 | e401 0000 | 33c0 4883 

  0x0000019574cb0480: ;   {poll_return}
  0x0000019574cb0480: c410 5d49 | 3ba7 5804 | 0000 0f87 | 0e00 0000 | c348 8bd0 | 4883 c410 

  0x0000019574cb0498: ;   {runtime_call _rethrow_Java}
  0x0000019574cb0498: 5de9 e20b 

  0x0000019574cb049c: ;   {internal_word}
  0x0000019574cb049c: 8bff 49ba | 8304 cb74 | 9501 0000 | 4d89 9770 

  0x0000019574cb04ac: ;   {runtime_call SafepointBlob}
  0x0000019574cb04ac: 0400 00e9 | 4c52 7eff 

  0x0000019574cb04b4: ;   {runtime_call StubRoutines (final stubs)}
  0x0000019574cb04b4: e827 487c | ffe9 9cff | ffff f4f4 
[Exception Handler]
  0x0000019574cb04c0: ;   {no_reloc}
  0x0000019574cb04c0: e93b aa8a | ffe8 0000 | 0000 4883 

  0x0000019574cb04cc: ;   {runtime_call DeoptimizationBlob}
  0x0000019574cb04cc: 2c24 05e9 | cc44 7eff | f4f4 f4f4 
[/MachCode]


---------------  P R O C E S S  ---------------

Threads class SMR info:
_java_thread_list=0x0000019560679570, length=33, elements={
0x0000019562b061b0, 0x000001957f3e5250, 0x000001957f3e6170, 0x000001957f3eb0b0,
0x000001957f3f07d0, 0x000001957f3f19d0, 0x000001957f3f4be0, 0x000001957f3fb850,
0x000001957f41de10, 0x00000195491cab20, 0x0000019549a805f0, 0x00000195499d5ab0,
0x0000019549c24060, 0x0000019549d4b000, 0x0000019549d4fcd0, 0x0000019549ed4a50,
0x0000019549e4c890, 0x000001954a1804d0, 0x000001954a17f120, 0x000001954a17e400,
0x000001954a17d6e0, 0x000001954a17dd70, 0x000001954a17ea90, 0x000001954a180b60,
0x000001954a17fe40, 0x0000019553898db0, 0x000001955389cf50, 0x000001955389c8c0,
0x0000019556ef1dd0, 0x0000019556ef4bc0, 0x0000019556ef2460, 0x0000019554e36bc0,
0x0000019554e34460
}

Java Threads: ( => current thread )
  0x0000019562b061b0 JavaThread "main"                              [_thread_blocked, id=20404, stack(0x0000000233300000,0x0000000233400000) (1024K)]
  0x000001957f3e5250 JavaThread "Reference Handler"          daemon [_thread_blocked, id=2168, stack(0x0000000233b00000,0x0000000233c00000) (1024K)]
  0x000001957f3e6170 JavaThread "Finalizer"                  daemon [_thread_blocked, id=22352, stack(0x0000000233c00000,0x0000000233d00000) (1024K)]
  0x000001957f3eb0b0 JavaThread "Signal Dispatcher"          daemon [_thread_blocked, id=22336, stack(0x0000000233d00000,0x0000000233e00000) (1024K)]
  0x000001957f3f07d0 JavaThread "Attach Listener"            daemon [_thread_blocked, id=21752, stack(0x0000000233e00000,0x0000000233f00000) (1024K)]
  0x000001957f3f19d0 JavaThread "Service Thread"             daemon [_thread_blocked, id=8480, stack(0x0000000233f00000,0x0000000234000000) (1024K)]
  0x000001957f3f4be0 JavaThread "Monitor Deflation Thread"   daemon [_thread_blocked, id=8496, stack(0x0000000234000000,0x0000000234100000) (1024K)]
  0x000001957f3fb850 JavaThread "C2 CompilerThread0"         daemon [_thread_blocked, id=10556, stack(0x0000000234100000,0x0000000234200000) (1024K)]
  0x000001957f41de10 JavaThread "C1 CompilerThread0"         daemon [_thread_blocked, id=6844, stack(0x0000000234200000,0x0000000234300000) (1024K)]
  0x00000195491cab20 JavaThread "Common-Cleaner"             daemon [_thread_blocked, id=9180, stack(0x0000000234300000,0x0000000234400000) (1024K)]
  0x0000019549a805f0 JavaThread "Monitor Ctrl-Break"         daemon [_thread_in_native, id=18796, stack(0x0000000234500000,0x0000000234600000) (1024K)]
  0x00000195499d5ab0 JavaThread "Notification Thread"        daemon [_thread_blocked, id=11708, stack(0x0000000234600000,0x0000000234700000) (1024K)]
  0x0000019549c24060 JavaThread "QuantumRenderer-0"          daemon [_thread_blocked, id=9952, stack(0x0000000234a00000,0x0000000234b00000) (1024K)]
  0x0000019549d4b000 JavaThread "InvokeLaterDispatcher"      daemon [_thread_blocked, id=10688, stack(0x0000000234b00000,0x0000000234c00000) (1024K)]
=>0x0000019549d4fcd0 JavaThread "JavaFX Application Thread"         [_thread_in_native, id=20740, stack(0x0000000234c00000,0x0000000234d00000) (1024K)]
  0x0000019549ed4a50 JavaThread "Thread-1"                   daemon [_thread_in_native, id=9496, stack(0x0000000235000000,0x0000000235100000) (1024K)]
  0x0000019549e4c890 JavaThread "JavaFX-Launcher"                   [_thread_blocked, id=20572, stack(0x0000000235100000,0x0000000235200000) (1024K)]
  0x000001954a1804d0 JavaThread "Prism Font Disposer"        daemon [_thread_blocked, id=2220, stack(0x0000000235200000,0x0000000235300000) (1024K)]
  0x000001954a17f120 JavaThread "Disposer"                   daemon [_thread_blocked, id=6108, stack(0x0000000235400000,0x0000000235500000) (1024K)]
  0x000001954a17e400 JavaThread "HttpClient-1-SelectorManager" daemon [_thread_in_native, id=3832, stack(0x0000000235500000,0x0000000235600000) (1024K)]
  0x000001954a17d6e0 JavaThread "HttpClient-1-Worker-0"      daemon [_thread_blocked, id=13740, stack(0x0000000235600000,0x0000000235700000) (1024K)]
  0x000001954a17dd70 JavaThread "HttpClient-1-Worker-1"      daemon [_thread_blocked, id=4568, stack(0x0000000235b00000,0x0000000235c00000) (1024K)]
  0x000001954a17ea90 JavaThread "HttpClient-1-Worker-2"      daemon [_thread_blocked, id=12728, stack(0x0000000235c00000,0x0000000235d00000) (1024K)]
  0x000001954a180b60 JavaThread "ForkJoinPool.commonPool-worker-1" daemon [_thread_blocked, id=9492, stack(0x0000000235d00000,0x0000000235e00000) (1024K)]
  0x000001954a17fe40 JavaThread "ForkJoinPool.commonPool-worker-2" daemon [_thread_blocked, id=22368, stack(0x0000000235e00000,0x0000000235f00000) (1024K)]
  0x0000019553898db0 JavaThread "Cleaner-0"                  daemon [_thread_blocked, id=20540, stack(0x0000000236200000,0x0000000236300000) (1024K)]
  0x000001955389cf50 JavaThread "Thread-4"                   daemon [_thread_in_native, id=2768, stack(0x0000000236300000,0x0000000236400000) (1024K)]
  0x000001955389c8c0 JavaThread "ForkJoinPool.commonPool-worker-3" daemon [_thread_blocked, id=7900, stack(0x0000000236700000,0x0000000236800000) (1024K)]
  0x0000019556ef1dd0 JavaThread "HttpClient-1-Worker-3"      daemon [_thread_blocked, id=3708, stack(0x0000000236a00000,0x0000000236b00000) (1024K)]
  0x0000019556ef4bc0 JavaThread "HttpClient-1-Worker-4"      daemon [_thread_blocked, id=12284, stack(0x0000000236600000,0x0000000236700000) (1024K)]
  0x0000019556ef2460 JavaThread "ForkJoinPool.commonPool-worker-4" daemon [_thread_blocked, id=14372, stack(0x0000000236b00000,0x0000000236c00000) (1024K)]
  0x0000019554e36bc0 JavaThread "HttpClient-1-Worker-5"      daemon [_thread_blocked, id=16060, stack(0x0000000236d00000,0x0000000236e00000) (1024K)]
  0x0000019554e34460 JavaThread "HttpClient-1-Worker-6"      daemon [_thread_blocked, id=20056, stack(0x0000000236e00000,0x0000000236f00000) (1024K)]
Total: 33

Other Threads:
  0x000001957f3cc680 VMThread "VM Thread"                           [id=15332, stack(0x0000000233a00000,0x0000000233b00000) (1024K)]
  0x000001957f3b2bf0 WatcherThread "VM Periodic Task Thread"        [id=14352, stack(0x0000000233900000,0x0000000233a00000) (1024K)]
  0x0000019564c28b10 WorkerThread "GC Thread#0"                     [id=16396, stack(0x0000000233400000,0x0000000233500000) (1024K)]
  0x00000195495dc360 WorkerThread "GC Thread#1"                     [id=14848, stack(0x0000000234700000,0x0000000234800000) (1024K)]
  0x00000195495dc710 WorkerThread "GC Thread#2"                     [id=19972, stack(0x0000000234800000,0x0000000234900000) (1024K)]
  0x0000019549dc43e0 WorkerThread "GC Thread#3"                     [id=6884, stack(0x0000000234900000,0x0000000234a00000) (1024K)]
  0x0000019564c399d0 ConcurrentGCThread "G1 Main Marker"            [id=21312, stack(0x0000000233500000,0x0000000233600000) (1024K)]
  0x0000019564c3bfa0 WorkerThread "G1 Conc#0"                       [id=4956, stack(0x0000000233600000,0x0000000233700000) (1024K)]
  0x000001957f277500 ConcurrentGCThread "G1 Refine#0"               [id=20048, stack(0x0000000233700000,0x0000000233800000) (1024K)]
  0x000001957f277d30 ConcurrentGCThread "G1 Service"                [id=16504, stack(0x0000000233800000,0x0000000233900000) (1024K)]
Total: 10

Threads with active compile tasks:
Total: 0

VM state: not at safepoint (normal execution)

VM Mutex/Monitor currently owned by a thread: None

Heap address: 0x0000000701e00000, size: 4066 MB, Compressed Oops mode: Zero based, Oop shift amount: 3

CDS archive(s) mapped at: [0x0000019504000000-0x0000019504c60000-0x0000019504c60000), size 12976128, SharedBaseAddress: 0x0000019504000000, ArchiveRelocationMode: 1.
Compressed class space mapped at: 0x0000019505000000-0x0000019545000000, reserved size: 1073741824
Narrow klass base: 0x0000019504000000, Narrow klass shift: 0, Narrow klass range: 0x41000000

GC Precious Log:
 CardTable entry size: 512
 Card Set container configuration: InlinePtr #cards 4 size 8 Array Of Cards #cards 16 size 48 Howl #buckets 8 coarsen threshold 3686 Howl Bitmap #cards 512 size 80 coarsen threshold 460 Card regions per heap region 1 cards per card region 4096
 CPUs: 4 total, 4 available
 Memory: 16262M
 Large Page Support: Disabled
 NUMA Support: Disabled
 Compressed Oops: Enabled (Zero based)
 Heap Region Size: 2M
 Heap Min Capacity: 8M
 Heap Initial Capacity: 256M
 Heap Max Capacity: 4066M
 Pre-touch: Disabled
 Parallel Workers: 4
 Concurrent Workers: 1
 Concurrent Refinement Workers: 4
 Periodic GC: Disabled

Heap:
 garbage-first heap   total reserved 4163584K, committed 69632K, used 49748K [0x0000000701e00000, 0x0000000800000000)
  region size 2048K, 7 young (14336K), 1 survivors (2048K)
 Metaspace       used 31436K, committed 32128K, reserved 1114112K
  class space    used 4288K, committed 4608K, reserved 1048576K

Heap Regions: E=young(eden), S=young(survivor), O=old, HS=humongous(starts), HC=humongous(continues), CS=collection set, F=free, TAMS=top-at-mark-start, PB=parsable bottom
|   0|0x0000000701e00000, 0x0000000702000000, 0x0000000702000000|100%| O|  |TAMS 0x0000000701e00000| PB 0x0000000701e00000| Untracked |  0
|   1|0x0000000702000000, 0x0000000702200000, 0x0000000702200000|100%|HS|  |TAMS 0x0000000702000000| PB 0x0000000702000000| Complete |  0
|   2|0x0000000702200000, 0x0000000702400000, 0x0000000702400000|100%| O|  |TAMS 0x0000000702200000| PB 0x0000000702200000| Untracked |  0
|   3|0x0000000702400000, 0x0000000702600000, 0x0000000702600000|100%| O|  |TAMS 0x0000000702400000| PB 0x0000000702400000| Untracked |  0
|   4|0x0000000702600000, 0x0000000702800000, 0x0000000702800000|100%| O|  |TAMS 0x0000000702600000| PB 0x0000000702600000| Untracked |  0
|   5|0x0000000702800000, 0x0000000702a00000, 0x0000000702a00000|100%| O|  |TAMS 0x0000000702800000| PB 0x0000000702800000| Untracked |  0
|   6|0x0000000702a00000, 0x0000000702c00000, 0x0000000702c00000|100%| O|  |TAMS 0x0000000702a00000| PB 0x0000000702a00000| Untracked |  0
|   7|0x0000000702c00000, 0x0000000702e00000, 0x0000000702e00000|100%| O|  |TAMS 0x0000000702c00000| PB 0x0000000702c00000| Untracked |  0
|   8|0x0000000702e00000, 0x0000000703000000, 0x0000000703000000|100%| O|Cm|TAMS 0x0000000702e00000| PB 0x0000000702e00000| Complete |  0
|   9|0x0000000703000000, 0x0000000703200000, 0x0000000703200000|100%|HS|  |TAMS 0x0000000703000000| PB 0x0000000703000000| Complete |  0
|  10|0x0000000703200000, 0x0000000703400000, 0x0000000703400000|100%| O|  |TAMS 0x0000000703200000| PB 0x0000000703200000| Untracked |  0
|  11|0x0000000703400000, 0x0000000703410d40, 0x0000000703600000|  3%| O|  |TAMS 0x0000000703400000| PB 0x0000000703400000| Untracked |  0
|  12|0x0000000703600000, 0x0000000703800000, 0x0000000703800000|100%|HS|  |TAMS 0x0000000703600000| PB 0x0000000703600000| Complete |  0
|  13|0x0000000703800000, 0x0000000703a00000, 0x0000000703a00000|100%|HS|  |TAMS 0x0000000703800000| PB 0x0000000703800000| Complete |  0
|  14|0x0000000703a00000, 0x0000000703a00000, 0x0000000703c00000|  0%| F|  |TAMS 0x0000000703a00000| PB 0x0000000703a00000| Untracked |  0
|  15|0x0000000703c00000, 0x0000000703c00000, 0x0000000703e00000|  0%| F|  |TAMS 0x0000000703c00000| PB 0x0000000703c00000| Untracked |  0
|  16|0x0000000703e00000, 0x0000000703e00000, 0x0000000704000000|  0%| F|  |TAMS 0x0000000703e00000| PB 0x0000000703e00000| Untracked |  0
|  17|0x0000000704000000, 0x0000000704000000, 0x0000000704200000|  0%| F|  |TAMS 0x0000000704000000| PB 0x0000000704000000| Untracked |  0
|  18|0x0000000704200000, 0x0000000704200000, 0x0000000704400000|  0%| F|  |TAMS 0x0000000704200000| PB 0x0000000704200000| Untracked |  0
|  19|0x0000000704400000, 0x0000000704400000, 0x0000000704600000|  0%| F|  |TAMS 0x0000000704400000| PB 0x0000000704400000| Untracked |  0
|  20|0x0000000704600000, 0x00000007046a77b0, 0x0000000704800000| 32%| E|  |TAMS 0x0000000704600000| PB 0x0000000704600000| Complete |  0
|  21|0x0000000704800000, 0x0000000704a00000, 0x0000000704a00000|100%|HS|  |TAMS 0x0000000704800000| PB 0x0000000704800000| Complete |  0
|  22|0x0000000704a00000, 0x0000000704c00000, 0x0000000704c00000|100%|HC|  |TAMS 0x0000000704a00000| PB 0x0000000704a00000| Complete |  0
|  23|0x0000000704c00000, 0x0000000704e00000, 0x0000000704e00000|100%|HC|  |TAMS 0x0000000704c00000| PB 0x0000000704c00000| Complete |  0
|  24|0x0000000704e00000, 0x0000000704e87e18, 0x0000000705000000| 26%| S|CS|TAMS 0x0000000704e00000| PB 0x0000000704e00000| Complete |  0
|  96|0x000000070de00000, 0x000000070e000000, 0x000000070e000000|100%| E|CS|TAMS 0x000000070de00000| PB 0x000000070de00000| Complete |  0
|  97|0x000000070e000000, 0x000000070e200000, 0x000000070e200000|100%| E|  |TAMS 0x000000070e000000| PB 0x000000070e000000| Complete |  0
|  98|0x000000070e200000, 0x000000070e3fc7a0, 0x000000070e400000| 99%| O|Cr|TAMS 0x000000070e200000| PB 0x000000070e200000| Complete |  0
|  99|0x000000070e400000, 0x000000070e600000, 0x000000070e600000|100%| E|CS|TAMS 0x000000070e400000| PB 0x000000070e400000| Complete |  0
| 100|0x000000070e600000, 0x000000070e800000, 0x000000070e800000|100%| E|CS|TAMS 0x000000070e600000| PB 0x000000070e600000| Complete |  0
| 126|0x0000000711a00000, 0x0000000711c00000, 0x0000000711c00000|100%| E|CS|TAMS 0x0000000711a00000| PB 0x0000000711a00000| Complete |  0
| 127|0x0000000711c00000, 0x0000000711e00000, 0x0000000711e00000|100%| O|Cr|TAMS 0x0000000711c00000| PB 0x0000000711c00000| Complete |  0
|2031|0x00000007ffc00000, 0x00000007ffe00000, 0x00000007ffe00000|100%| O|  |TAMS 0x00000007ffc00000| PB 0x00000007ffc00000| Untracked |  0
|2032|0x00000007ffe00000, 0x0000000800000000, 0x0000000800000000|100%| O|  |TAMS 0x00000007ffe00000| PB 0x00000007ffe00000| Untracked |  0

Card table byte_map: [0x000001957c710000,0x000001957cf10000] _byte_map_base: 0x0000019578f01000

Marking Bits: (CMBitMap*) 0x0000019564c29130
 Bits: [0x0000019500000000, 0x0000019503f88000)

Polling page: 0x0000019564390000

Metaspace:

Usage:
  Non-class:     26.51 MB used.
      Class:      4.19 MB used.
       Both:     30.70 MB used.

Virtual space:
  Non-class space:       64.00 MB reserved,      26.88 MB ( 42%) committed,  1 nodes.
      Class space:        1.00 GB reserved,       4.50 MB ( <1%) committed,  1 nodes.
             Both:        1.06 GB reserved,      31.38 MB (  3%) committed. 

Chunk freelists:
   Non-Class:  4.42 MB
       Class:  11.48 MB
        Both:  15.90 MB

MaxMetaspaceSize: unlimited
CompressedClassSpaceSize: 1.00 GB
Initial GC threshold: 21.00 MB
Current GC threshold: 52.00 MB
CDS: on
 - commit_granule_bytes: 65536.
 - commit_granule_words: 8192.
 - virtual_space_node_default_size: 8388608.
 - enlarge_chunks_in_place: 1.
 - use_allocation_guard: 0.


Internal statistics:

num_allocs_failed_limit: 3.
num_arena_births: 788.
num_arena_deaths: 0.
num_vsnodes_births: 2.
num_vsnodes_deaths: 0.
num_space_committed: 502.
num_space_uncommitted: 0.
num_chunks_returned_to_freelist: 3.
num_chunks_taken_from_freelist: 1769.
num_chunk_merges: 3.
num_chunk_splits: 1112.
num_chunks_enlarged: 681.
num_inconsistent_stats: 0.

CodeHeap 'non-profiled nmethods': size=120000Kb used=3407Kb max_used=3407Kb free=116592Kb
 bounds [0x00000195749e0000, 0x0000019574d40000, 0x000001957bf10000]
CodeHeap 'profiled nmethods': size=120000Kb used=14655Kb max_used=14655Kb free=105344Kb
 bounds [0x000001956cf10000, 0x000001956dd70000, 0x0000019574440000]
CodeHeap 'non-nmethods': size=5760Kb used=2029Kb max_used=2093Kb free=3730Kb
 bounds [0x0000019574440000, 0x00000195746b0000, 0x00000195749e0000]
 total_blobs=8247 nmethods=7257 adapters=892
 compilation: enabled
              stopped_count=0, restarted_count=0
 full_count=0

Compilation events (20 events):
Event: 41.488 Thread 0x000001957f3fb850 7540       4       com.sun.javafx.font.CompositeStrike::getStrikeSlot (163 bytes)
Event: 41.489 Thread 0x000001957f3fb850 nmethod 7540 0x0000019574d32190 code [0x0000019574d32320, 0x0000019574d323f0]
Event: 41.491 Thread 0x000001957f3fb850 7541   !   4       java.util.Collections$SynchronizedMap::get (25 bytes)
Event: 41.493 Thread 0x000001957f41de10 7542       3       com.sun.prism.impl.BaseResourcePool::freeDisposalRequestedAndCheckResources (156 bytes)
Event: 41.495 Thread 0x000001957f3fb850 nmethod 7541 0x0000019574d32490 code [0x0000019574d32640, 0x0000019574d32920]
Event: 41.495 Thread 0x000001957f41de10 nmethod 7542 0x000001956cffe690 code [0x000001956cffe900, 0x000001956cfff490]
Event: 41.533 Thread 0x000001957f41de10 7543       3       java.util.regex.Pattern$Prolog::match (11 bytes)
Event: 41.533 Thread 0x000001957f41de10 nmethod 7543 0x000001956cf31010 code [0x000001956cf311c0, 0x000001956cf31328]
Event: 41.533 Thread 0x000001957f41de10 7544       3       java.util.regex.Pattern$Loop::matchInit (156 bytes)
Event: 41.534 Thread 0x000001957f41de10 nmethod 7544 0x000001956cffd790 code [0x000001956cffd9c0, 0x000001956cffe310]
Event: 41.534 Thread 0x000001957f41de10 7545       3       sun.util.calendar.ZoneInfo::getOffsets (342 bytes)
Event: 41.536 Thread 0x000001957f41de10 nmethod 7545 0x000001956dd5fb90 code [0x000001956dd5fe20, 0x000001956dd60a38]
Event: 41.540 Thread 0x000001957f3fb850 7546 % !   4       jdk.internal.net.http.common.Utils::encode @ 13 (176 bytes)
Event: 41.544 Thread 0x000001957f3fb850 nmethod 7546% 0x0000019574d32a90 code [0x0000019574d32c40, 0x0000019574d32e68]
Event: 41.565 Thread 0x000001957f41de10 7547       3       java.util.regex.Pattern$CharProperty::match (71 bytes)
Event: 41.566 Thread 0x000001957f41de10 nmethod 7547 0x000001956dd60f90 code [0x000001956dd61180, 0x000001956dd61678]
Event: 41.566 Thread 0x000001957f41de10 7548       3       java.util.Calendar::isSet (15 bytes)
Event: 41.566 Thread 0x000001957f41de10 nmethod 7548 0x000001956dd61810 code [0x000001956dd619a0, 0x000001956dd61b30]
Event: 41.566 Thread 0x000001957f41de10 7549       3       com.sun.webkit.network.HTTP2Loader$3::requestIfNotCancelled (33 bytes)
Event: 41.566 Thread 0x000001957f41de10 nmethod 7549 0x000001956dd61c10 code [0x000001956dd61de0, 0x000001956dd62108]

GC Heap History (20 events):
Event: 4.321 GC heap before
{Heap before GC invocations=4 (full 0):
 garbage-first heap   total reserved 4163584K, committed 40960K, used 38928K [0x0000000701e00000, 0x0000000800000000)
  region size 2048K, 18 young (36864K), 5 survivors (10240K)
 Metaspace       used 25691K, committed 26240K, reserved 1114112K
  class space    used 3847K, committed 4096K, reserved 1048576K
}
Event: 4.336 GC heap after
{Heap after GC invocations=5 (full 0):
 garbage-first heap   total reserved 4163584K, committed 55296K, used 15052K [0x0000000701e00000, 0x0000000800000000)
  region size 2048K, 5 young (10240K), 5 survivors (10240K)
 Metaspace       used 25691K, committed 26240K, reserved 1114112K
  class space    used 3847K, committed 4096K, reserved 1048576K
}
Event: 5.306 GC heap before
{Heap before GC invocations=5 (full 0):
 garbage-first heap   total reserved 4163584K, committed 55296K, used 35532K [0x0000000701e00000, 0x0000000800000000)
  region size 2048K, 16 young (32768K), 5 survivors (10240K)
 Metaspace       used 28143K, committed 28736K, reserved 1114112K
  class space    used 4149K, committed 4416K, reserved 1048576K
}
Event: 5.316 GC heap after
{Heap after GC invocations=6 (full 0):
 garbage-first heap   total reserved 4163584K, committed 55296K, used 16568K [0x0000000701e00000, 0x0000000800000000)
  region size 2048K, 1 young (2048K), 1 survivors (2048K)
 Metaspace       used 28143K, committed 28736K, reserved 1114112K
  class space    used 4149K, committed 4416K, reserved 1048576K
}
Event: 32.392 GC heap before
{Heap before GC invocations=6 (full 0):
 garbage-first heap   total reserved 4163584K, committed 55296K, used 41144K [0x0000000701e00000, 0x0000000800000000)
  region size 2048K, 14 young (28672K), 1 survivors (2048K)
 Metaspace       used 29904K, committed 30464K, reserved 1114112K
  class space    used 4229K, committed 4480K, reserved 1048576K
}
Event: 32.395 GC heap after
{Heap after GC invocations=7 (full 0):
 garbage-first heap   total reserved 4163584K, committed 55296K, used 17671K [0x0000000701e00000, 0x0000000800000000)
  region size 2048K, 2 young (4096K), 2 survivors (4096K)
 Metaspace       used 29904K, committed 30464K, reserved 1114112K
  class space    used 4229K, committed 4480K, reserved 1048576K
}
Event: 33.054 GC heap before
{Heap before GC invocations=7 (full 0):
 garbage-first heap   total reserved 4163584K, committed 55296K, used 42247K [0x0000000701e00000, 0x0000000800000000)
  region size 2048K, 15 young (30720K), 2 survivors (4096K)
 Metaspace       used 30215K, committed 30784K, reserved 1114112K
  class space    used 4233K, committed 4480K, reserved 1048576K
}
Event: 33.059 GC heap after
{Heap after GC invocations=8 (full 0):
 garbage-first heap   total reserved 4163584K, committed 55296K, used 22053K [0x0000000701e00000, 0x0000000800000000)
  region size 2048K, 2 young (4096K), 2 survivors (4096K)
 Metaspace       used 30215K, committed 30784K, reserved 1114112K
  class space    used 4233K, committed 4480K, reserved 1048576K
}
Event: 34.362 GC heap before
{Heap before GC invocations=8 (full 0):
 garbage-first heap   total reserved 4163584K, committed 55296K, used 42533K [0x0000000701e00000, 0x0000000800000000)
  region size 2048K, 13 young (26624K), 2 survivors (4096K)
 Metaspace       used 30497K, committed 31104K, reserved 1114112K
  class space    used 4254K, committed 4544K, reserved 1048576K
}
Event: 34.365 GC heap after
{Heap after GC invocations=9 (full 0):
 garbage-first heap   total reserved 4163584K, committed 55296K, used 24108K [0x0000000701e00000, 0x0000000800000000)
  region size 2048K, 2 young (4096K), 2 survivors (4096K)
 Metaspace       used 30497K, committed 31104K, reserved 1114112K
  class space    used 4254K, committed 4544K, reserved 1048576K
}
Event: 35.524 GC heap before
{Heap before GC invocations=9 (full 0):
 garbage-first heap   total reserved 4163584K, committed 55296K, used 42540K [0x0000000701e00000, 0x0000000800000000)
  region size 2048K, 12 young (24576K), 2 survivors (4096K)
 Metaspace       used 30942K, committed 31616K, reserved 1114112K
  class space    used 4280K, committed 4608K, reserved 1048576K
}
Event: 35.526 GC heap after
{Heap after GC invocations=10 (full 0):
 garbage-first heap   total reserved 4163584K, committed 55296K, used 23488K [0x0000000701e00000, 0x0000000800000000)
  region size 2048K, 1 young (2048K), 1 survivors (2048K)
 Metaspace       used 30942K, committed 31616K, reserved 1114112K
  class space    used 4280K, committed 4608K, reserved 1048576K
}
Event: 37.574 GC heap before
{Heap before GC invocations=10 (full 0):
 garbage-first heap   total reserved 4163584K, committed 55296K, used 41920K [0x0000000701e00000, 0x0000000800000000)
  region size 2048K, 11 young (22528K), 1 survivors (2048K)
 Metaspace       used 31222K, committed 31872K, reserved 1114112K
  class space    used 4284K, committed 4608K, reserved 1048576K
}
Event: 37.577 GC heap after
{Heap after GC invocations=11 (full 0):
 garbage-first heap   total reserved 4163584K, committed 55296K, used 24920K [0x0000000701e00000, 0x0000000800000000)
  region size 2048K, 2 young (4096K), 2 survivors (4096K)
 Metaspace       used 31222K, committed 31872K, reserved 1114112K
  class space    used 4284K, committed 4608K, reserved 1048576K
}
Event: 37.788 GC heap before
{Heap before GC invocations=11 (full 0):
 garbage-first heap   total reserved 4163584K, committed 55296K, used 33112K [0x0000000701e00000, 0x0000000800000000)
  region size 2048K, 7 young (14336K), 2 survivors (4096K)
 Metaspace       used 31260K, committed 31936K, reserved 1114112K
  class space    used 4284K, committed 4608K, reserved 1048576K
}
Event: 37.792 GC heap after
{Heap after GC invocations=12 (full 0):
 garbage-first heap   total reserved 4163584K, committed 55296K, used 25718K [0x0000000701e00000, 0x0000000800000000)
  region size 2048K, 2 young (4096K), 2 survivors (4096K)
 Metaspace       used 31260K, committed 31936K, reserved 1114112K
  class space    used 4284K, committed 4608K, reserved 1048576K
}
Event: 37.799 GC heap before
{Heap before GC invocations=12 (full 0):
 garbage-first heap   total reserved 4163584K, committed 55296K, used 27766K [0x0000000701e00000, 0x0000000800000000)
  region size 2048K, 3 young (6144K), 2 survivors (4096K)
 Metaspace       used 31262K, committed 31936K, reserved 1114112K
  class space    used 4284K, committed 4608K, reserved 1048576K
}
Event: 37.801 GC heap after
{Heap after GC invocations=13 (full 0):
 garbage-first heap   total reserved 4163584K, committed 55296K, used 27937K [0x0000000701e00000, 0x0000000800000000)
  region size 2048K, 1 young (2048K), 1 survivors (2048K)
 Metaspace       used 31262K, committed 31936K, reserved 1114112K
  class space    used 4284K, committed 4608K, reserved 1048576K
}
Event: 38.991 GC heap before
{Heap before GC invocations=14 (full 0):
 garbage-first heap   total reserved 4163584K, committed 67584K, used 62753K [0x0000000701e00000, 0x0000000800000000)
  region size 2048K, 5 young (10240K), 1 survivors (2048K)
 Metaspace       used 31300K, committed 31936K, reserved 1114112K
  class space    used 4284K, committed 4608K, reserved 1048576K
}
Event: 38.992 GC heap after
{Heap after GC invocations=15 (full 0):
 garbage-first heap   total reserved 4163584K, committed 69632K, used 35412K [0x0000000701e00000, 0x0000000800000000)
  region size 2048K, 1 young (2048K), 1 survivors (2048K)
 Metaspace       used 31300K, committed 31936K, reserved 1114112K
  class space    used 4284K, committed 4608K, reserved 1048576K
}

Dll operation events (20 events):
Event: 0.590 Loaded shared library C:\Users\Omistaja\.openjfx\cache\22-ea+11\amd64\api-ms-win-crt-private-l1-1-0.dll
Event: 0.594 Loaded shared library C:\Users\Omistaja\.openjfx\cache\22-ea+11\amd64\api-ms-win-crt-process-l1-1-0.dll
Event: 0.597 Loaded shared library C:\Users\Omistaja\.openjfx\cache\22-ea+11\amd64\api-ms-win-crt-runtime-l1-1-0.dll
Event: 0.601 Loaded shared library C:\Users\Omistaja\.openjfx\cache\22-ea+11\amd64\api-ms-win-crt-stdio-l1-1-0.dll
Event: 0.605 Loaded shared library C:\Users\Omistaja\.openjfx\cache\22-ea+11\amd64\api-ms-win-crt-string-l1-1-0.dll
Event: 0.608 Loaded shared library C:\Users\Omistaja\.openjfx\cache\22-ea+11\amd64\api-ms-win-crt-time-l1-1-0.dll
Event: 0.612 Loaded shared library C:\Users\Omistaja\.openjfx\cache\22-ea+11\amd64\api-ms-win-crt-utility-l1-1-0.dll
Event: 0.630 Loaded shared library C:\Users\Omistaja\.openjfx\cache\22-ea+11\amd64\ucrtbase.dll
Event: 0.634 Loaded shared library C:\Users\Omistaja\.openjfx\cache\22-ea+11\amd64\vcruntime140.dll
Event: 0.638 Loaded shared library C:\Users\Omistaja\.openjfx\cache\22-ea+11\amd64\vcruntime140_1.dll
Event: 0.649 Loaded shared library C:\Users\Omistaja\.openjfx\cache\22-ea+11\amd64\msvcp140.dll
Event: 0.653 Loaded shared library C:\Users\Omistaja\.openjfx\cache\22-ea+11\amd64\msvcp140_1.dll
Event: 0.659 Loaded shared library C:\Users\Omistaja\.openjfx\cache\22-ea+11\amd64\msvcp140_2.dll
Event: 0.709 Loaded shared library C:\Users\Omistaja\.openjfx\cache\22-ea+11\amd64\prism_d3d.dll
Event: 0.761 Loaded shared library C:\Users\Omistaja\.openjfx\cache\22-ea+11\amd64\glass.dll
Event: 0.920 Loaded shared library C:\Program Files\Java\jdk-22\bin\jimage.dll
Event: 1.209 Loaded shared library C:\Users\Omistaja\.openjfx\cache\22-ea+11\amd64\javafx_font.dll
Event: 2.442 Loaded shared library C:\Users\Omistaja\.openjfx\cache\22-ea+11\amd64\jfxwebkit.dll
Event: 2.849 Loaded shared library C:\Program Files\Java\jdk-22\bin\sunmscapi.dll
Event: 33.024 Loaded shared library C:\Users\Omistaja\.openjfx\cache\22-ea+11\amd64\javafx_iio.dll

Deoptimization events (20 events):
Event: 40.979 Thread 0x0000019549d4fcd0 DEOPT PACKING pc=0x000001956d2b9ac3 sp=0x0000000234cfdb10
Event: 40.979 Thread 0x0000019549d4fcd0 DEOPT UNPACKING pc=0x0000019574494e42 sp=0x0000000234cfcf80 mode 0
Event: 40.979 Thread 0x0000019549d4fcd0 DEOPT PACKING pc=0x000001956d2b9ae4 sp=0x0000000234cfdb10
Event: 40.979 Thread 0x0000019549d4fcd0 DEOPT UNPACKING pc=0x0000019574494e42 sp=0x0000000234cfcf80 mode 0
Event: 40.979 Thread 0x0000019549d4fcd0 DEOPT PACKING pc=0x000001956d2b9ac3 sp=0x0000000234cfdb10
Event: 40.979 Thread 0x0000019549d4fcd0 DEOPT UNPACKING pc=0x0000019574494e42 sp=0x0000000234cfcf80 mode 0
Event: 40.979 Thread 0x0000019549d4fcd0 DEOPT PACKING pc=0x000001956d2b9ac3 sp=0x0000000234cfdb10
Event: 40.979 Thread 0x0000019549d4fcd0 DEOPT UNPACKING pc=0x0000019574494e42 sp=0x0000000234cfcf80 mode 0
Event: 40.979 Thread 0x0000019549d4fcd0 DEOPT PACKING pc=0x000001956d2b9ae4 sp=0x0000000234cfdb10
Event: 40.979 Thread 0x0000019549d4fcd0 DEOPT UNPACKING pc=0x0000019574494e42 sp=0x0000000234cfcf80 mode 0
Event: 40.979 Thread 0x0000019549d4fcd0 DEOPT PACKING pc=0x000001956d2b9ac3 sp=0x0000000234cfdb10
Event: 40.979 Thread 0x0000019549d4fcd0 DEOPT UNPACKING pc=0x0000019574494e42 sp=0x0000000234cfcf80 mode 0
Event: 40.980 Thread 0x0000019549d4fcd0 DEOPT PACKING pc=0x000001956d2b9ac3 sp=0x0000000234cfdb10
Event: 40.980 Thread 0x0000019549d4fcd0 DEOPT UNPACKING pc=0x0000019574494e42 sp=0x0000000234cfcf80 mode 0
Event: 40.980 Thread 0x0000019549d4fcd0 DEOPT PACKING pc=0x000001956d2b9ae4 sp=0x0000000234cfdb10
Event: 40.980 Thread 0x0000019549d4fcd0 DEOPT UNPACKING pc=0x0000019574494e42 sp=0x0000000234cfcf80 mode 0
Event: 40.980 Thread 0x0000019549d4fcd0 DEOPT PACKING pc=0x000001956d2b9ac3 sp=0x0000000234cfdb10
Event: 40.980 Thread 0x0000019549d4fcd0 DEOPT UNPACKING pc=0x0000019574494e42 sp=0x0000000234cfcf80 mode 0
Event: 40.980 Thread 0x0000019549d4fcd0 DEOPT PACKING pc=0x000001956d2b9ac3 sp=0x0000000234cfdb10
Event: 40.980 Thread 0x0000019549d4fcd0 DEOPT UNPACKING pc=0x0000019574494e42 sp=0x0000000234cfcf80 mode 0

Classes loaded (20 events):
Event: 34.780 Loading class sun/security/ssl/SSLCipher$T12GcmWriteCipherGenerator$GcmWriteCipher
Event: 34.780 Loading class sun/security/ssl/SSLCipher$T12GcmWriteCipherGenerator$GcmWriteCipher done
Event: 34.799 Loading class sun/security/ssl/ECDHKeyExchange$ECDHECredentials
Event: 34.799 Loading class sun/security/ssl/ECDHKeyExchange$ECDHECredentials done
Event: 34.799 Loading class java/security/spec/ECPublicKeySpec
Event: 34.799 Loading class java/security/spec/ECPublicKeySpec done
Event: 34.800 Loading class sun/security/ec/ECDHKeyAgreement
Event: 34.800 Loading class sun/security/ec/ECDHKeyAgreement done
Event: 34.829 Loading class sun/security/ssl/NewSessionTicket$T12NewSessionTicketMessage
Event: 34.829 Loading class sun/security/ssl/NewSessionTicket$T12NewSessionTicketMessage done
Event: 34.829 Loading class sun/security/ssl/SSLCipher$T12GcmReadCipherGenerator$GcmReadCipher
Event: 34.830 Loading class sun/security/ssl/SSLCipher$T12GcmReadCipherGenerator$GcmReadCipher done
Event: 36.240 Loading class sun/security/ssl/SSLKeyExchange$SSLKeyExECDHERSAOrPSS
Event: 36.240 Loading class sun/security/ssl/SSLKeyExchange$SSLKeyExECDHERSAOrPSS done
Event: 36.244 Loading class sun/security/rsa/RSASignature$SHA512withRSA
Event: 36.244 Loading class sun/security/rsa/RSASignature$SHA512withRSA done
Event: 41.482 Loading class java/lang/Throwable$WrappedPrintStream
Event: 41.482 Loading class java/lang/Throwable$PrintStreamOrWriter
Event: 41.483 Loading class java/lang/Throwable$PrintStreamOrWriter done
Event: 41.483 Loading class java/lang/Throwable$WrappedPrintStream done

Classes unloaded (0 events):
No events

Classes redefined (0 events):
No events

Internal exceptions (20 events):
Event: 36.831 Thread 0x000001954a17dd70 Exception <a 'java/lang/NullPointerException'{0x0000000703e070a8}> (0x0000000703e070a8) 
thrown [s\open\src\hotspot\share\runtime\sharedRuntime.cpp, line 628]
Event: 37.422 Thread 0x000001955389cf50 Exception <a 'sun/nio/fs/WindowsException'{0x000000070de69498}> (0x000000070de69498) 
thrown [s\open\src\hotspot\share\prims\jni.cpp, line 520]
Event: 37.474 Thread 0x000001955389cf50 Exception <a 'sun/nio/fs/WindowsException'{0x000000070de69fc8}> (0x000000070de69fc8) 
thrown [s\open\src\hotspot\share\prims\jni.cpp, line 520]
Event: 37.623 Thread 0x0000019556ef1dd0 Implicit null exception at 0x000001956d9f9c6c to 0x000001956d9fa814
Event: 37.623 Thread 0x0000019556ef1dd0 Exception <a 'java/lang/NullPointerException'{0x000000070e62ed00}> (0x000000070e62ed00) 
thrown [s\open\src\hotspot\share\runtime\sharedRuntime.cpp, line 628]
Event: 37.724 Thread 0x000001954a17dd70 Implicit null exception at 0x000001956d9f9c6c to 0x000001956d9fa814
Event: 37.724 Thread 0x000001954a17dd70 Exception <a 'java/lang/NullPointerException'{0x000000070e25a240}> (0x000000070e25a240) 
thrown [s\open\src\hotspot\share\runtime\sharedRuntime.cpp, line 628]
Event: 37.725 Thread 0x0000019556ef1dd0 Implicit null exception at 0x000001956d9f9c6c to 0x000001956d9fa814
Event: 37.725 Thread 0x0000019556ef1dd0 Exception <a 'java/lang/NullPointerException'{0x000000070e268440}> (0x000000070e268440) 
thrown [s\open\src\hotspot\share\runtime\sharedRuntime.cpp, line 628]
Event: 38.047 Thread 0x0000019549d4fcd0 Exception <a 'java/io/IOException'{0x0000000711d4f300}: Invalid JPEG file structure: missing SOS marker> (0x0000000711d4f300) 
thrown [s\open\src\hotspot\share\prims\jni.cpp, line 539]
Event: 39.379 Thread 0x0000019549d4fcd0 Exception <a 'java/lang/ClassNotFoundException'{0x0000000711adce70}: sun/net/www/protocol/about/Handler> (0x0000000711adce70) 
thrown [s\open\src\hotspot\share\classfile\systemDictionary.cpp, line 313]
Event: 39.512 Thread 0x000001954a17dd70 Implicit null exception at 0x000001956d9f9c6c to 0x000001956d9fa814
Event: 39.512 Thread 0x000001954a17dd70 Exception <a 'java/lang/NullPointerException'{0x0000000711b8a6f8}> (0x0000000711b8a6f8) 
thrown [s\open\src\hotspot\share\runtime\sharedRuntime.cpp, line 628]
Event: 39.622 Thread 0x0000019556ef1dd0 Implicit null exception at 0x000001956d9f9c6c to 0x000001956d9fa814
Event: 39.622 Thread 0x0000019556ef1dd0 Exception <a 'java/lang/NullPointerException'{0x000000070e640930}> (0x000000070e640930) 
thrown [s\open\src\hotspot\share\runtime\sharedRuntime.cpp, line 628]
Event: 39.773 Thread 0x0000019549d4fcd0 Exception <a 'java/lang/ClassNotFoundException'{0x000000070e77f4f0}: sun/net/www/protocol/about/Handler> (0x000000070e77f4f0) 
thrown [s\open\src\hotspot\share\classfile\systemDictionary.cpp, line 313]
Event: 39.916 Thread 0x0000019556ef1dd0 Implicit null exception at 0x000001956d9f9c6c to 0x000001956d9fa814
Event: 39.916 Thread 0x0000019556ef1dd0 Exception <a 'java/lang/NullPointerException'{0x000000070e5d7080}> (0x000000070e5d7080) 
thrown [s\open\src\hotspot\share\runtime\sharedRuntime.cpp, line 628]
Event: 40.009 Thread 0x000001955389cf50 Exception <a 'sun/nio/fs/WindowsException'{0x000000070e0ffde8}> (0x000000070e0ffde8) 
thrown [s\open\src\hotspot\share\prims\jni.cpp, line 520]
Event: 40.971 Thread 0x0000019549d4fcd0 Exception <a 'java/lang/ClassNotFoundException'{0x000000070defb5e0}: sun/net/www/protocol/about/Handler> (0x000000070defb5e0) 
thrown [s\open\src\hotspot\share\classfile\systemDictionary.cpp, line 313]

ZGC Phase Switch (0 events):
No events

VM Operations (20 events):
Event: 36.527 Executing VM operation: Cleanup
Event: 36.527 Executing VM operation: Cleanup done
Event: 37.511 Executing VM operation: HandshakeAllThreads (Deoptimize)
Event: 37.511 Executing VM operation: HandshakeAllThreads (Deoptimize) done
Event: 37.574 Executing VM operation: G1CollectForAllocation (G1 Evacuation Pause)
Event: 37.577 Executing VM operation: G1CollectForAllocation (G1 Evacuation Pause) done
Event: 37.788 Executing VM operation: G1TryInitiateConcMark (G1 Humongous Allocation)
Event: 37.792 Executing VM operation: G1TryInitiateConcMark (G1 Humongous Allocation) done
Event: 37.799 Executing VM operation: G1TryInitiateConcMark (G1 Humongous Allocation)
Event: 37.801 Executing VM operation: G1TryInitiateConcMark (G1 Humongous Allocation) done
Event: 37.839 Executing VM operation: G1PauseRemark
Event: 37.844 Executing VM operation: G1PauseRemark done
Event: 37.856 Executing VM operation: G1PauseCleanup
Event: 37.856 Executing VM operation: G1PauseCleanup done
Event: 38.991 Executing VM operation: G1CollectForAllocation (G1 Evacuation Pause)
Event: 38.993 Executing VM operation: G1CollectForAllocation (G1 Evacuation Pause) done
Event: 39.993 Executing VM operation: Cleanup
Event: 39.993 Executing VM operation: Cleanup done
Event: 40.993 Executing VM operation: Cleanup
Event: 40.993 Executing VM operation: Cleanup done

Events (20 events):
Event: 37.844 Thread 0x000001957f3cc680 flushing nmethod 0x000001956cf82c10
Event: 37.844 Thread 0x000001957f3cc680 flushing nmethod 0x000001956cf83f10
Event: 37.844 Thread 0x000001957f3cc680 flushing nmethod 0x000001956cf84690
Event: 37.844 Thread 0x000001957f3cc680 flushing nmethod 0x000001956cf87410
Event: 37.844 Thread 0x000001957f3cc680 flushing nmethod 0x000001956cf87e10
Event: 37.844 Thread 0x000001957f3cc680 flushing nmethod 0x000001956cf88110
Event: 37.844 Thread 0x000001957f3cc680 flushing nmethod 0x000001956cf88890
Event: 37.844 Thread 0x000001957f3cc680 flushing nmethod 0x000001956cf89890
Event: 37.844 Thread 0x000001957f3cc680 flushing nmethod 0x000001956d155b90
Event: 37.844 Thread 0x000001957f3cc680 flushing nmethod 0x000001956d1b2b10
Event: 37.844 Thread 0x000001957f3cc680 flushing nmethod 0x000001956d1b3590
Event: 37.844 Thread 0x000001957f3cc680 flushing nmethod 0x000001956d1b5210
Event: 37.844 Thread 0x000001957f3cc680 flushing nmethod 0x000001956d1b5590
Event: 37.844 Thread 0x000001957f3cc680 flushing nmethod 0x000001956d1b7e90
Event: 37.844 Thread 0x000001957f3cc680 flushing nmethod 0x000001956d26ab10
Event: 38.503 Thread 0x00000195564ca150 Thread exited: 0x00000195564ca150
Event: 40.970 Thread 0x0000019554e5a060 Thread added: 0x0000019554e5a060
Event: 40.970 Thread 0x0000019554e5a060 Thread exited: 0x0000019554e5a060
Event: 41.016 Thread 0x0000019554e5a6f0 Thread added: 0x0000019554e5a6f0
Event: 41.016 Thread 0x0000019554e5a6f0 Thread exited: 0x0000019554e5a6f0


Dynamic libraries:
0x00007ff7128e0000 - 0x00007ff7128f0000 	C:\Program Files\Java\jdk-22\bin\java.exe
0x00007ffd77970000 - 0x00007ffd77b68000 	C:\Windows\SYSTEM32\ntdll.dll
0x00007ffd76d20000 - 0x00007ffd76de1000 	C:\Windows\System32\KERNEL32.DLL
0x00007ffd75430000 - 0x00007ffd75726000 	C:\Windows\System32\KERNELBASE.dll
0x00007ffd75330000 - 0x00007ffd75430000 	C:\Windows\System32\ucrtbase.dll
0x00007ffd61d90000 - 0x00007ffd61dab000 	C:\Program Files\Java\jdk-22\bin\VCRUNTIME140.dll
0x00007ffd61db0000 - 0x00007ffd61dc7000 	C:\Program Files\Java\jdk-22\bin\jli.dll
0x00007ffd76720000 - 0x00007ffd767d0000 	C:\Windows\System32\ADVAPI32.dll
0x00007ffd776f0000 - 0x00007ffd7778e000 	C:\Windows\System32\msvcrt.dll
0x00007ffd767d0000 - 0x00007ffd76870000 	C:\Windows\System32\sechost.dll
0x00007ffd76bf0000 - 0x00007ffd76d13000 	C:\Windows\System32\RPCRT4.dll
0x00007ffd757d0000 - 0x00007ffd757f7000 	C:\Windows\System32\bcrypt.dll
0x00007ffd774d0000 - 0x00007ffd7766f000 	C:\Windows\System32\USER32.dll
0x00007ffd75970000 - 0x00007ffd75992000 	C:\Windows\System32\win32u.dll
0x00007ffd618d0000 - 0x00007ffd61b6a000 	C:\Windows\WinSxS\amd64_microsoft.windows.common-controls_6595b64144ccf1df_6.0.19041.4355_none_60b8b9eb71f62e16\COMCTL32.dll
0x00007ffd77830000 - 0x00007ffd7785b000 	C:\Windows\System32\GDI32.dll
0x00007ffd750b0000 - 0x00007ffd751c7000 	C:\Windows\System32\gdi32full.dll
0x00007ffd75730000 - 0x00007ffd757cd000 	C:\Windows\System32\msvcp_win.dll
0x00007ffd6fa80000 - 0x00007ffd6fa8a000 	C:\Windows\SYSTEM32\VERSION.dll
0x00007ffd777a0000 - 0x00007ffd777cf000 	C:\Windows\System32\IMM32.DLL
0x00007ffd67620000 - 0x00007ffd6762c000 	C:\Program Files\Java\jdk-22\bin\vcruntime140_1.dll
0x00007ffd50a60000 - 0x00007ffd50aee000 	C:\Program Files\Java\jdk-22\bin\msvcp140.dll
0x00007ffd2fb80000 - 0x00007ffd308c8000 	C:\Program Files\Java\jdk-22\bin\server\jvm.dll
0x00007ffd76df0000 - 0x00007ffd76e5b000 	C:\Windows\System32\WS2_32.dll
0x00007ffd74dc0000 - 0x00007ffd74e0b000 	C:\Windows\SYSTEM32\POWRPROF.dll
0x00007ffd55fb0000 - 0x00007ffd55fd7000 	C:\Windows\SYSTEM32\WINMM.dll
0x00007ffd74da0000 - 0x00007ffd74db2000 	C:\Windows\SYSTEM32\UMPDC.dll
0x00007ffd72ea0000 - 0x00007ffd72eb2000 	C:\Windows\SYSTEM32\kernel.appcore.dll
0x00007ffd63b50000 - 0x00007ffd63b5a000 	C:\Program Files\Java\jdk-22\bin\jimage.dll
0x00007ffd64b00000 - 0x00007ffd64ce4000 	C:\Windows\SYSTEM32\DBGHELP.DLL
0x00007ffd55eb0000 - 0x00007ffd55ee4000 	C:\Windows\SYSTEM32\dbgcore.DLL
0x00007ffd75020000 - 0x00007ffd750a2000 	C:\Windows\System32\bcryptPrimitives.dll
0x00007ffd704b0000 - 0x00007ffd704bf000 	C:\Program Files\Java\jdk-22\bin\instrument.dll
0x00007ffd61d70000 - 0x00007ffd61d8e000 	C:\Program Files\Java\jdk-22\bin\java.dll
0x00007ffd75a80000 - 0x00007ffd761ec000 	C:\Windows\System32\SHELL32.dll
0x00007ffd76ac0000 - 0x00007ffd76beb000 	C:\Windows\System32\ole32.dll
0x00007ffd77170000 - 0x00007ffd774c3000 	C:\Windows\System32\combase.dll
0x00007ffd730a0000 - 0x00007ffd7383e000 	C:\Windows\SYSTEM32\windows.storage.dll
0x00007ffd749d0000 - 0x00007ffd749fe000 	C:\Windows\SYSTEM32\Wldp.dll
0x00007ffd77860000 - 0x00007ffd7792d000 	C:\Windows\System32\OLEAUT32.dll
0x00007ffd76fb0000 - 0x00007ffd7705d000 	C:\Windows\System32\SHCORE.dll
0x00007ffd761f0000 - 0x00007ffd76245000 	C:\Windows\System32\shlwapi.dll
0x00007ffd74f50000 - 0x00007ffd74f74000 	C:\Windows\SYSTEM32\profapi.dll
0x00007ffd50980000 - 0x00007ffd50a57000 	C:\Program Files\Java\jdk-22\bin\jsvml.dll
0x00007ffd62d80000 - 0x00007ffd62d90000 	C:\Program Files\Java\jdk-22\bin\net.dll
0x00007ffd74730000 - 0x00007ffd7479a000 	C:\Windows\system32\mswsock.dll
0x00007ffd50960000 - 0x00007ffd50976000 	C:\Program Files\Java\jdk-22\bin\nio.dll
0x00007ffd50940000 - 0x00007ffd50957000 	C:\Program Files\Java\jdk-22\bin\zip.dll
0x00007ffd70450000 - 0x00007ffd7046a000 	C:\Program Files\JetBrains\IntelliJ IDEA Community Edition 2023.3.6\bin\breakgen64.dll
0x0000019503fb0000 - 0x0000019503fb3000 	C:\Users\Omistaja\.openjfx\cache\22-ea+11\amd64\api-ms-win-core-console-l1-1-0.dll
0x0000019503fc0000 - 0x0000019503fc3000 	C:\Users\Omistaja\.openjfx\cache\22-ea+11\amd64\api-ms-win-core-console-l1-2-0.dll
0x0000019503fd0000 - 0x0000019503fd3000 	C:\Users\Omistaja\.openjfx\cache\22-ea+11\amd64\api-ms-win-core-datetime-l1-1-0.dll
0x0000019503fe0000 - 0x0000019503fe3000 	C:\Users\Omistaja\.openjfx\cache\22-ea+11\amd64\api-ms-win-core-debug-l1-1-0.dll
0x0000019503ff0000 - 0x0000019503ff3000 	C:\Users\Omistaja\.openjfx\cache\22-ea+11\amd64\api-ms-win-core-errorhandling-l1-1-0.dll
0x000001954acd0000 - 0x000001954acd4000 	C:\Users\Omistaja\.openjfx\cache\22-ea+11\amd64\api-ms-win-core-file-l1-1-0.dll
0x000001954ace0000 - 0x000001954ace3000 	C:\Users\Omistaja\.openjfx\cache\22-ea+11\amd64\api-ms-win-core-file-l1-2-0.dll
0x000001954acf0000 - 0x000001954acf3000 	C:\Users\Omistaja\.openjfx\cache\22-ea+11\amd64\api-ms-win-core-file-l2-1-0.dll
0x000001954ad00000 - 0x000001954ad03000 	C:\Users\Omistaja\.openjfx\cache\22-ea+11\amd64\api-ms-win-core-handle-l1-1-0.dll
0x000001954ad10000 - 0x000001954ad13000 	C:\Users\Omistaja\.openjfx\cache\22-ea+11\amd64\api-ms-win-core-heap-l1-1-0.dll
0x000001954ad20000 - 0x000001954ad23000 	C:\Users\Omistaja\.openjfx\cache\22-ea+11\amd64\api-ms-win-core-interlocked-l1-1-0.dll
0x000001954ad30000 - 0x000001954ad33000 	C:\Users\Omistaja\.openjfx\cache\22-ea+11\amd64\api-ms-win-core-libraryloader-l1-1-0.dll
0x000001954ad40000 - 0x000001954ad43000 	C:\Users\Omistaja\.openjfx\cache\22-ea+11\amd64\api-ms-win-core-localization-l1-2-0.dll
0x000001954ad50000 - 0x000001954ad53000 	C:\Users\Omistaja\.openjfx\cache\22-ea+11\amd64\api-ms-win-core-memory-l1-1-0.dll
0x000001954ad60000 - 0x000001954ad63000 	C:\Users\Omistaja\.openjfx\cache\22-ea+11\amd64\api-ms-win-core-namedpipe-l1-1-0.dll
0x000001954ad70000 - 0x000001954ad73000 	C:\Users\Omistaja\.openjfx\cache\22-ea+11\amd64\api-ms-win-core-processenvironment-l1-1-0.dll
0x000001954ad80000 - 0x000001954ad83000 	C:\Users\Omistaja\.openjfx\cache\22-ea+11\amd64\api-ms-win-core-processthreads-l1-1-0.dll
0x000001954ad90000 - 0x000001954ad93000 	C:\Users\Omistaja\.openjfx\cache\22-ea+11\amd64\api-ms-win-core-processthreads-l1-1-1.dll
0x000001954ada0000 - 0x000001954ada3000 	C:\Users\Omistaja\.openjfx\cache\22-ea+11\amd64\api-ms-win-core-profile-l1-1-0.dll
0x000001954adb0000 - 0x000001954adb3000 	C:\Users\Omistaja\.openjfx\cache\22-ea+11\amd64\api-ms-win-core-rtlsupport-l1-1-0.dll
0x000001954adc0000 - 0x000001954adc3000 	C:\Users\Omistaja\.openjfx\cache\22-ea+11\amd64\api-ms-win-core-string-l1-1-0.dll
0x000001954add0000 - 0x000001954add3000 	C:\Users\Omistaja\.openjfx\cache\22-ea+11\amd64\api-ms-win-core-synch-l1-1-0.dll
0x000001954ade0000 - 0x000001954ade3000 	C:\Users\Omistaja\.openjfx\cache\22-ea+11\amd64\api-ms-win-core-synch-l1-2-0.dll
0x000001954adf0000 - 0x000001954adf3000 	C:\Users\Omistaja\.openjfx\cache\22-ea+11\amd64\api-ms-win-core-sysinfo-l1-1-0.dll
0x000001954ae00000 - 0x000001954ae03000 	C:\Users\Omistaja\.openjfx\cache\22-ea+11\amd64\api-ms-win-core-timezone-l1-1-0.dll
0x000001954ae10000 - 0x000001954ae13000 	C:\Users\Omistaja\.openjfx\cache\22-ea+11\amd64\api-ms-win-core-util-l1-1-0.dll
0x000001954ae20000 - 0x000001954ae23000 	C:\Users\Omistaja\.openjfx\cache\22-ea+11\amd64\api-ms-win-crt-conio-l1-1-0.dll
0x000001954ae30000 - 0x000001954ae34000 	C:\Users\Omistaja\.openjfx\cache\22-ea+11\amd64\api-ms-win-crt-convert-l1-1-0.dll
0x000001954ae40000 - 0x000001954ae43000 	C:\Users\Omistaja\.openjfx\cache\22-ea+11\amd64\api-ms-win-crt-environment-l1-1-0.dll
0x000001954ae50000 - 0x000001954ae53000 	C:\Users\Omistaja\.openjfx\cache\22-ea+11\amd64\api-ms-win-crt-filesystem-l1-1-0.dll
0x000001954ae60000 - 0x000001954ae63000 	C:\Users\Omistaja\.openjfx\cache\22-ea+11\amd64\api-ms-win-crt-heap-l1-1-0.dll
0x000001954ae70000 - 0x000001954ae73000 	C:\Users\Omistaja\.openjfx\cache\22-ea+11\amd64\api-ms-win-crt-locale-l1-1-0.dll
0x000001954ae80000 - 0x000001954ae85000 	C:\Users\Omistaja\.openjfx\cache\22-ea+11\amd64\api-ms-win-crt-math-l1-1-0.dll
0x000001954ae90000 - 0x000001954ae95000 	C:\Users\Omistaja\.openjfx\cache\22-ea+11\amd64\api-ms-win-crt-multibyte-l1-1-0.dll
0x000001954aea0000 - 0x000001954aeb0000 	C:\Users\Omistaja\.openjfx\cache\22-ea+11\amd64\api-ms-win-crt-private-l1-1-0.dll
0x000001954aeb0000 - 0x000001954aeb3000 	C:\Users\Omistaja\.openjfx\cache\22-ea+11\amd64\api-ms-win-crt-process-l1-1-0.dll
0x000001954aec0000 - 0x000001954aec4000 	C:\Users\Omistaja\.openjfx\cache\22-ea+11\amd64\api-ms-win-crt-runtime-l1-1-0.dll
0x000001954aed0000 - 0x000001954aed4000 	C:\Users\Omistaja\.openjfx\cache\22-ea+11\amd64\api-ms-win-crt-stdio-l1-1-0.dll
0x000001954aee0000 - 0x000001954aee4000 	C:\Users\Omistaja\.openjfx\cache\22-ea+11\amd64\api-ms-win-crt-string-l1-1-0.dll
0x000001954aef0000 - 0x000001954aef3000 	C:\Users\Omistaja\.openjfx\cache\22-ea+11\amd64\api-ms-win-crt-time-l1-1-0.dll
0x000001954af00000 - 0x000001954af03000 	C:\Users\Omistaja\.openjfx\cache\22-ea+11\amd64\api-ms-win-crt-utility-l1-1-0.dll
0x00007ffd63120000 - 0x00007ffd6321c000 	C:\Users\Omistaja\.openjfx\cache\22-ea+11\amd64\ucrtbase.dll
0x00007ffd667c0000 - 0x00007ffd667db000 	C:\Users\Omistaja\.openjfx\cache\22-ea+11\amd64\vcruntime140.dll
0x00007ffd704a0000 - 0x00007ffd704ac000 	C:\Users\Omistaja\.openjfx\cache\22-ea+11\amd64\vcruntime140_1.dll
0x00007ffd3b300000 - 0x00007ffd3b38e000 	C:\Users\Omistaja\.openjfx\cache\22-ea+11\amd64\msvcp140.dll
0x00007ffd703f0000 - 0x00007ffd703f9000 	C:\Users\Omistaja\.openjfx\cache\22-ea+11\amd64\msvcp140_1.dll
0x00007ffd65bf0000 - 0x00007ffd65c1f000 	C:\Users\Omistaja\.openjfx\cache\22-ea+11\amd64\msvcp140_2.dll
0x00007ffd65bc0000 - 0x00007ffd65bef000 	C:\Users\Omistaja\.openjfx\cache\22-ea+11\amd64\prism_d3d.dll
0x00007ffd392f0000 - 0x00007ffd394c0000 	C:\Windows\system32\d3d9.dll
0x00007ffd72bb0000 - 0x00007ffd72bdf000 	C:\Windows\SYSTEM32\dwmapi.dll
0x00007ffd729a0000 - 0x00007ffd72a3e000 	C:\Windows\system32\uxtheme.dll
0x00007ffd39140000 - 0x00007ffd392ef000 	C:\Windows\System32\DriverStore\FileRepository\iigd_dch.inf_amd64_51f685305808e3a5\igdumdim64.dll
0x00007ffd2bd60000 - 0x00007ffd2ee03000 	C:\Windows\System32\DriverStore\FileRepository\iigd_dch.inf_amd64_51f685305808e3a5\igd9dxva64.dll
0x00007ffd76250000 - 0x00007ffd766be000 	C:\Windows\System32\SETUPAPI.dll
0x00007ffd75920000 - 0x00007ffd7596e000 	C:\Windows\System32\cfgmgr32.dll
0x00007ffd6c7d0000 - 0x00007ffd6cbd9000 	C:\Windows\System32\DriverStore\FileRepository\iigd_dch.inf_amd64_51f685305808e3a5\igdgmm64.dll
0x00007ffd650b0000 - 0x00007ffd650f2000 	C:\Users\Omistaja\.openjfx\cache\22-ea+11\amd64\glass.dll
0x00007ffd759a0000 - 0x00007ffd75a7a000 	C:\Windows\System32\COMDLG32.dll
0x00007ffd76e60000 - 0x00007ffd76f74000 	C:\Windows\System32\MSCTF.dll
0x00007ffd65e80000 - 0x00007ffd65ea7000 	C:\Windows\System32\DriverStore\FileRepository\iigd_dch.inf_amd64_51f685305808e3a5\igdinfo64.dll
0x00007ffd68fa0000 - 0x00007ffd6c734000 	C:\Windows\System32\DriverStore\FileRepository\iigd_dch.inf_amd64_51f685305808e3a5\igc64.dll
0x00007ffd6d920000 - 0x00007ffd6d95b000 	C:\Windows\SYSTEM32\dxcore.dll
0x00007ffd65af0000 - 0x00007ffd65b04000 	C:\Users\Omistaja\.openjfx\cache\22-ea+11\amd64\javafx_font.dll
0x00007ffcc5910000 - 0x00007ffcca5fe000 	C:\Users\Omistaja\.openjfx\cache\22-ea+11\amd64\jfxwebkit.dll
0x00007ffd74930000 - 0x00007ffd74948000 	C:\Windows\SYSTEM32\CRYPTSP.dll
0x00007ffd73ff0000 - 0x00007ffd74024000 	C:\Windows\system32\rsaenh.dll
0x00007ffd74920000 - 0x00007ffd7492c000 	C:\Windows\SYSTEM32\CRYPTBASE.dll
0x00007ffd46dd0000 - 0x00007ffd4704f000 	C:\Windows\SYSTEM32\dwrite.dll
0x00007ffd74ec0000 - 0x00007ffd74eee000 	C:\Windows\SYSTEM32\USERENV.dll
0x00007ffd74410000 - 0x00007ffd7444b000 	C:\Windows\SYSTEM32\IPHLPAPI.DLL
0x00007ffd76fa0000 - 0x00007ffd76fa8000 	C:\Windows\System32\NSI.dll
0x00007ffd65cb0000 - 0x00007ffd65cbe000 	C:\Program Files\Java\jdk-22\bin\sunmscapi.dll
0x00007ffd751d0000 - 0x00007ffd7532e000 	C:\Windows\System32\CRYPT32.dll
0x00007ffd74a40000 - 0x00007ffd74a69000 	C:\Windows\SYSTEM32\ncrypt.dll
0x00007ffd74a00000 - 0x00007ffd74a3b000 	C:\Windows\SYSTEM32\NTASN1.dll
0x00007ffd65140000 - 0x00007ffd65147000 	C:\Windows\system32\wshunix.dll
0x00007ffd74450000 - 0x00007ffd7451a000 	C:\Windows\SYSTEM32\DNSAPI.dll
0x00007ffd5d770000 - 0x00007ffd5d77a000 	C:\Windows\System32\rasadhlp.dll
0x00007ffd770c0000 - 0x00007ffd77169000 	C:\Windows\System32\clbcatq.dll

dbghelp: loaded successfully - version: 4.0.5 - missing functions: none
symbol engine: initialized successfully - sym options: 0x614 - pdb path: .;C:\Program Files\Java\jdk-22\bin;C:\Windows\SYSTEM32;C:\Windows\WinSxS\amd64_microsoft.windows.common-controls_6595b64144ccf1df_6.0.19041.4355_none_60b8b9eb71f62e16;C:\Program Files\Java\jdk-22\bin\server;C:\Program Files\JetBrains\IntelliJ IDEA Community Edition 2023.3.6\bin;C:\Users\Omistaja\.openjfx\cache\22-ea+11\amd64;C:\Windows\System32\DriverStore\FileRepository\iigd_dch.inf_amd64_51f685305808e3a5;C:\Program Files\Common Files\Microsoft Shared\Ink

VM Arguments:
jvm_args: --enable-preview -javaagent:C:\Program Files\JetBrains\IntelliJ IDEA Community Edition 2023.3.6\lib\idea_rt.jar=57501:C:\Program Files\JetBrains\IntelliJ IDEA Community Edition 2023.3.6\bin -Dfile.encoding=UTF-8 -Dsun.stdout.encoding=UTF-8 -Dsun.stderr.encoding=UTF-8 --module-path=C:\Users\Omistaja\.m2\repository\org\kordamp\ikonli\ikonli-core\12.3.1\ikonli-core-12.3.1.jar;C:\codes\java\BrowserApplication\target\classes;C:\Users\Omistaja\.m2\repository\org\openjfx\javafx-base\22-ea+11\javafx-base-22-ea+11-win.jar;C:\Users\Omistaja\.m2\repository\org\kordamp\bootstrapfx\bootstrapfx-core\0.4.0\bootstrapfx-core-0.4.0.jar;C:\Users\Omistaja\.m2\repository\org\controlsfx\controlsfx\11.1.2\controlsfx-11.1.2.jar;C:\Users\Omistaja\.m2\repository\org\openjfx\javafx-fxml\22-ea+11\javafx-fxml-22-ea+11-win.jar;C:\Users\Omistaja\.m2\repository\org\openjfx\javafx-web\22-ea+11\javafx-web-22-ea+11-win.jar;C:\Users\Omistaja\.m2\repository\org\openjfx\javafx-controls\22-ea+11\javafx-controls-22-ea+11-win.jar;C:\Users\Omistaja\.m2\repository\net\synedra\validatorfx\0.4.0\validatorfx-0.4.0.jar;C:\Users\Omistaja\.m2\repository\org\openjfx\javafx-graphics\22-ea+11\javafx-graphics-22-ea+11-win.jar;C:\Users\Omistaja\.m2\repository\eu\hansolo\tilesfx\11.48\tilesfx-11.48.jar;C:\Users\Omistaja\.m2\repository\com\dlsc\formsfx\formsfx-core\11.6.0\formsfx-core-11.6.0.jar;C:\Users\Omistaja\.m2\repository\org\openjfx\javafx-media\22-ea+11\javafx-media-22-ea+11-win.jar;C:\Users\Omistaja\.m2\repository\org\kordamp\ikonli\ikonli-javafx\12.3.1\ikonli-javafx-12.3.1.jar -Djdk.module.main=com.browser.browserapplication 
java_command: com.browser.browserapplication/com.browser.browserapplication.BrowserApplication
java_class_path (initial): C:\Users\Omistaja\.m2\repository\org\openjfx\javafx-controls\22-ea+11\javafx-controls-22-ea+11.jar;C:\Users\Omistaja\.m2\repository\org\openjfx\javafx-graphics\22-ea+11\javafx-graphics-22-ea+11.jar;C:\Users\Omistaja\.m2\repository\org\openjfx\javafx-base\22-ea+11\javafx-base-22-ea+11.jar;C:\Users\Omistaja\.m2\repository\org\openjfx\javafx-fxml\22-ea+11\javafx-fxml-22-ea+11.jar;C:\Users\Omistaja\.m2\repository\org\openjfx\javafx-web\22-ea+11\javafx-web-22-ea+11.jar;C:\Users\Omistaja\.m2\repository\org\openjfx\javafx-media\22-ea+11\javafx-media-22-ea+11.jar;C:\Users\Omistaja\.m2\repository\org\openjfx\javafx-swing\22-ea+11\javafx-swing-22-ea+11.jar;C:\Users\Omistaja\.m2\repository\org\openjfx\javafx-swing\22-ea+11\javafx-swing-22-ea+11-win.jar
Launcher Type: SUN_STANDARD

[Global flags]
     intx CICompilerCount                          = 3                                         {product} {ergonomic}
     uint ConcGCThreads                            = 1                                         {product} {ergonomic}
     uint G1ConcRefinementThreads                  = 4                                         {product} {ergonomic}
   size_t G1HeapRegionSize                         = 2097152                                   {product} {ergonomic}
   size_t InitialHeapSize                          = 268435456                                 {product} {ergonomic}
   size_t MarkStackSize                            = 4194304                                   {product} {ergonomic}
   size_t MaxHeapSize                              = 4263510016                                {product} {ergonomic}
   size_t MaxNewSize                               = 2556428288                                {product} {ergonomic}
   size_t MinHeapDeltaBytes                        = 2097152                                   {product} {ergonomic}
   size_t MinHeapSize                              = 8388608                                   {product} {ergonomic}
    uintx NonNMethodCodeHeapSize                   = 5832780                                {pd product} {ergonomic}
    uintx NonProfiledCodeHeapSize                  = 122912730                              {pd product} {ergonomic}
    uintx ProfiledCodeHeapSize                     = 122912730                              {pd product} {ergonomic}
    uintx ReservedCodeCacheSize                    = 251658240                              {pd product} {ergonomic}
     bool SegmentedCodeCache                       = true                                      {product} {ergonomic}
   size_t SoftMaxHeapSize                          = 4263510016                             {manageable} {ergonomic}
     bool UseCompressedOops                        = true                           {product lp64_product} {ergonomic}
     bool UseG1GC                                  = true                                      {product} {ergonomic}
     bool UseLargePagesIndividualAllocation        = false                                  {pd product} {ergonomic}

Logging:
Log output configuration:
 #0: stdout all=warning uptime,level,tags foldmultilines=false
 #1: stderr all=off uptime,level,tags foldmultilines=false

Environment Variables:
JAVA_HOME=C:\Program Files\Java\jdk-22
PATH=C:\Program Files\Common Files\Oracle\Java\javapath;C:\Windows\system32;C:\Windows;C:\Windows\System32\Wbem;C:\Windows\System32\WindowsPowerShell\v1.0\;C:\Windows\System32\OpenSSH\;C:\Program Files (x86)\Intel\Intel(R) Management Engine Components\DAL;C:\Program Files\Intel\Intel(R) Management Engine Components\DAL;C:\Users\Omistaja\AppData\Local\Programs\Python\Python311\;C:\Program Files\Git\cmd;C:\Program Files\nodejs\;C:\Program Files\dotnet\;C:\Program Files\Java\jdk-22\bin;C:\Program Files\Go\bin;C:\Program Files\apache-maven-3.9.6\bin;C:\Users\Omistaja\AppData\Local\Programs\Python\Python311\Scripts\;C:\Users\Omistaja\AppData\Local\Programs\Python\Python311\;C:\Windows\system32;C:\Windows;C:\Windows\System32\Wbem;C:\Windows\System32\WindowsPowerShell\v1.0\;C:\Windows\System32\OpenSSH\;C:\Program Files (x86)\Intel\Intel(R) Management Engine Components\DAL;C:\Program Files\Intel\Intel(R) Management Engine Components\DAL;C:\Users\Omistaja\AppData\Local\Microsoft\WindowsApps;; C:\Python311\Scripts;C:\Users\Omistaja\AppData\Local\Programs\Microsoft VS Code\bin;C:\Users\Omistaja\AppData\Roaming\npm;C:\Users\Omistaja\.dotnet\tools;C:\Program Files\JetBrains\IntelliJ IDEA Community Edition 2023.3.6\bin;;C:\Users\Omistaja\go\bin
USERNAME=Omistaja
OS=Windows_NT
PROCESSOR_IDENTIFIER=Intel64 Family 6 Model 78 Stepping 3, GenuineIntel
TMP=C:\Users\Omistaja\AppData\Local\Temp
TEMP=C:\Users\Omistaja\AppData\Local\Temp




Periodic native trim disabled

---------------  S Y S T E M  ---------------

OS:
 Windows 10 , 64 bit Build 19041 (10.0.19041.4597)
OS uptime: 16 days 23:33 hours

CPU: total 4 (initial active 4) (2 cores per cpu, 2 threads per core) family 6 model 78 stepping 3 microcode 0xf0, cx8, cmov, fxsr, ht, mmx, 3dnowpref, sse, sse2, sse3, ssse3, sse4.1, sse4.2, popcnt, lzcnt, tsc, tscinvbit, avx, avx2, aes, erms, clmul, bmi1, bmi2, rtm, adx, fma, vzeroupper, clflush, clflushopt, rdtscp, f16c
Processor Information for all 4 processors :
  Max Mhz: 2496, Current Mhz: 2396, Mhz Limit: 2396

Memory: 4k page, system-wide physical 16262M (7597M free)
TotalPageFile size 18694M (AvailPageFile size 6076M)
current process WorkingSet (physical memory assigned to process): 451M, peak: 451M
current process commit charge ("private bytes"): 466M, peak: 466M

vm_info: Java HotSpot(TM) 64-Bit Server VM (22+36-2370) for windows-amd64 JRE (22+36-2370), built on 2024-02-15T22:15:19Z by "mach5one" with MS VC++ 17.6 (VS2022)

END.
